04-29-2022 @ 07:16:24 - ---[ New import started at 2022-04-29 07:16:24 ] PHP Memory: 512 MB, WP Memory: 40 MB
04-29-2022 @ 07:16:24 - Preparing for import.
04-29-2022 @ 07:16:24 - Row :1 - Parsing item.
04-29-2022 @ 07:16:24 - Row :1 - Parsing failed. Reason: Invalid product type 32 inch
04-29-2022 @ 07:16:24 - Row :2 - Parsing item.
04-29-2022 @ 07:16:24 - Row :2 - Parsing failed. Reason: Invalid product type 32 inch
04-29-2022 @ 07:16:24 - Row :3 - Parsing item.
04-29-2022 @ 07:16:24 - Row :3 - Parsing failed. Reason: Invalid product type 43 inch
04-29-2022 @ 07:16:24 - Row :4 - Parsing item.
04-29-2022 @ 07:16:24 - Row :4 - Parsing failed. Reason: Invalid product type 32 inch
04-29-2022 @ 07:16:24 - Row :5 - Parsing item.
04-29-2022 @ 07:16:24 - Row :5 - Parsing failed. Reason: Invalid product type 24 inch
04-29-2022 @ 07:16:24 - Row :6 - Parsing item.
04-29-2022 @ 07:16:24 - Row :6 - Parsing failed. Reason: Invalid product type 32 inch
04-29-2022 @ 07:16:24 - Row :7 - Parsing item.
04-29-2022 @ 07:16:24 - Row :7 - Parsing failed. Reason: Invalid product type 1 pintu
04-29-2022 @ 07:16:24 - Row :8 - Parsing item.
04-29-2022 @ 07:16:24 - Row :8 - Parsing failed. Reason: Invalid product type 2 pintu
04-29-2022 @ 07:16:24 - Row :9 - Parsing item.
04-29-2022 @ 07:16:24 - Row :9 - Parsing failed. Reason: Invalid product type 2 pintu
04-29-2022 @ 07:16:24 - Row :10 - Parsing item.
04-29-2022 @ 07:16:24 - Row :10 - Parsing failed. Reason: Invalid product type 1 pintu
04-29-2022 @ 07:16:25 - Preparing for import.
04-29-2022 @ 07:16:25 - Row :11 - Parsing item.
04-29-2022 @ 07:16:25 - Row :11 - Parsing failed. Reason: Invalid product type side by side
04-29-2022 @ 07:16:25 - Row :12 - Parsing item.
04-29-2022 @ 07:16:25 - Row :12 - Parsing failed. Reason: Invalid product type 2 pintu
04-29-2022 @ 07:16:25 - Row :13 - Parsing item.
04-29-2022 @ 07:16:25 - Row :13 - Parsing failed. Reason: Invalid product type 1 tungku
04-29-2022 @ 07:16:25 - Row :14 - Parsing item.
04-29-2022 @ 07:16:25 - Row :14 - Parsing failed. Reason: Invalid product type 2 tungku
04-29-2022 @ 07:16:25 - Row :15 - Parsing item.
04-29-2022 @ 07:16:25 - Row :15 - Parsing failed. Reason: Invalid product type 1 tungku
04-29-2022 @ 07:16:25 - Row :16 - Parsing item.
04-29-2022 @ 07:16:25 - Row :16 - Parsing failed. Reason: Invalid product type 1 tungku
04-29-2022 @ 07:16:25 - Row :17 - Parsing item.
04-29-2022 @ 07:16:25 - Row :17 - Parsing failed. Reason: Invalid product type 2 tungku
04-29-2022 @ 07:16:25 - Row :18 - Parsing item.
04-29-2022 @ 07:16:25 - Row :18 - Parsing failed. Reason: Invalid product type 2 tungku
04-29-2022 @ 07:16:25 - Row :19 - Parsing item.
04-29-2022 @ 07:16:25 - Row :19 - Parsing failed. Reason: Invalid product type elektrik
04-29-2022 @ 07:16:25 - Row :20 - Parsing item.
04-29-2022 @ 07:16:25 - Row :20 - Parsing failed. Reason: Invalid product type elektrik
04-29-2022 @ 07:16:25 - Preparing for import.
04-29-2022 @ 07:16:25 - Row :21 - Parsing item.
04-29-2022 @ 07:16:25 - Row :21 - Parsing failed. Reason: Invalid product type vakum
04-29-2022 @ 07:16:25 - Row :22 - Parsing item.
04-29-2022 @ 07:16:25 - Row :22 - Parsing failed. Reason: Invalid product type vakum
04-29-2022 @ 07:16:25 - Row :23 - Parsing item.
04-29-2022 @ 07:16:25 - Row :23 - Parsing failed. Reason: Invalid product type air purifier
04-29-2022 @ 07:16:25 - Row :24 - Parsing item.
04-29-2022 @ 07:16:25 - Row :24 - Parsing failed. Reason: Invalid product type air purifier
04-29-2022 @ 07:16:25 - Row :25 - Parsing item.
04-29-2022 @ 07:16:25 - Row :25 - Parsing failed. Reason: Invalid product type air cooler
04-29-2022 @ 07:16:25 - Row :26 - Parsing item.
04-29-2022 @ 07:16:25 - Row :26 - Parsing failed. Reason: Invalid product type stand & desk
04-29-2022 @ 07:16:26 - Row :27 - Parsing item.
04-29-2022 @ 07:16:26 - Row :27 - Parsing failed. Reason: Invalid product type desk
04-29-2022 @ 07:16:26 - Row :28 - Parsing item.
04-29-2022 @ 07:16:26 - Row :28 - Parsing failed. Reason: Invalid product type desk & wall
04-29-2022 @ 07:16:26 - Row :29 - Parsing item.
04-29-2022 @ 07:16:26 - Row :29 - Parsing failed. Reason: Invalid product type listrik
04-29-2022 @ 07:16:26 - Row :30 - Parsing item.
04-29-2022 @ 07:16:26 - Row :30 - Parsing failed. Reason: Invalid product type listrik
04-29-2022 @ 07:16:26 - Preparing for import.
04-29-2022 @ 07:16:26 - Row :31 - Parsing item.
04-29-2022 @ 07:16:26 - Row :31 - Parsing failed. Reason: Invalid product type listrik
04-29-2022 @ 07:16:26 - Row :32 - Parsing item.
04-29-2022 @ 07:16:26 - Row :32 - Parsing failed. Reason: Invalid product type listrik
04-29-2022 @ 07:16:26 - Row :33 - Parsing item.
04-29-2022 @ 07:16:26 - Row :33 - Parsing failed. Reason: Invalid product type listrik
04-29-2022 @ 07:16:26 - Row :34 - Parsing item.
04-29-2022 @ 07:16:26 - Row :34 - Parsing failed. Reason: Invalid product type listrik
04-29-2022 @ 07:16:26 - Row :35 - Parsing item.
04-29-2022 @ 07:16:26 - Row :35 - Parsing failed. Reason: Invalid product type 1 tabung top loading
04-29-2022 @ 07:16:26 - Row :36 - Parsing item.
04-29-2022 @ 07:16:26 - Row :36 - Parsing failed. Reason: Invalid product type 2 tabung
04-29-2022 @ 07:16:26 - Row :37 - Parsing item.
04-29-2022 @ 07:16:26 - Row :37 - Parsing failed. Reason: Invalid product type 2 tabung
04-29-2022 @ 07:16:26 - Row :38 - Parsing item.
04-29-2022 @ 07:16:26 - Row :38 - Parsing failed. Reason: Invalid product type 2 tabung
04-29-2022 @ 07:16:26 - Row :39 - Parsing item.
04-29-2022 @ 07:16:26 - Row :39 - Parsing failed. Reason: Invalid product type 2 tabung
04-29-2022 @ 07:16:26 - Row :40 - Parsing item.
04-29-2022 @ 07:16:26 - Row :40 - Parsing failed. Reason: Invalid product type 1 tabung top loading
04-29-2022 @ 07:16:27 - Preparing for import.
04-29-2022 @ 07:16:27 - Row :41 - Parsing item.
04-29-2022 @ 07:16:27 - Row :41 - Parsing failed. Reason: Invalid product type listrik
04-29-2022 @ 07:16:27 - Row :42 - Parsing item.
04-29-2022 @ 07:16:27 - Row :42 - Parsing failed. Reason: Invalid product type plastik
04-29-2022 @ 07:16:27 - Row :43 - Parsing item.
04-29-2022 @ 07:16:27 - Row :43 - Parsing failed. Reason: Invalid product type air fryer
04-29-2022 @ 07:16:27 - Row :44 - Parsing item.
04-29-2022 @ 07:16:27 - Row :44 - Parsing failed. Reason: Invalid product type speaker
04-29-2022 @ 07:16:27 - Row :45 - Parsing item.
04-29-2022 @ 07:16:27 - Row :45 - Parsing failed. Reason: Invalid product type speaker
04-29-2022 @ 07:16:27 - Row :46 - Parsing item.
04-29-2022 @ 07:16:27 - Row :46 - Parsing failed. Reason: Invalid product type speaker
04-29-2022 @ 07:16:27 - Row :47 - Parsing item.
04-29-2022 @ 07:16:27 - Row :47 - Parsing failed. Reason: Invalid product type speaker
04-29-2022 @ 07:16:27 - Row :48 - Parsing item.
04-29-2022 @ 07:16:27 - Row :48 - Parsing failed. Reason: Invalid product type 2 pintu inverter
04-29-2022 @ 07:16:27 - Row :49 - Parsing item.
04-29-2022 @ 07:16:27 - Row :49 - Parsing failed. Reason: Invalid product type hand
04-29-2022 @ 07:16:27 - Row :50 - Parsing item.
04-29-2022 @ 07:16:27 - Row :50 - Parsing failed. Reason: Invalid product type hand
04-29-2022 @ 07:16:28 - Preparing for import.
04-29-2022 @ 07:16:28 - Row :51 - Parsing item.
04-29-2022 @ 07:16:28 - Row :51 - Parsing failed. Reason: Invalid product type kaca
04-29-2022 @ 07:16:28 - Row :52 - Parsing item.
04-29-2022 @ 07:16:28 - Row :52 - Parsing failed. Reason: Invalid product type hand
04-29-2022 @ 07:16:28 - Row :53 - Parsing item.
04-29-2022 @ 07:16:28 - Row :53 - Parsing failed. Reason: Invalid product type panci presto
04-29-2022 @ 07:16:28 - Row :54 - Parsing item.
04-29-2022 @ 07:16:28 - Row :54 - Parsing failed. Reason: Invalid product type panci presto
04-29-2022 @ 07:16:28 - Row :55 - Parsing item.
04-29-2022 @ 07:16:28 - Row :55 - Parsing failed. Reason: Invalid product type panci presto
04-29-2022 @ 07:16:28 - Row :56 - Parsing item.
04-29-2022 @ 07:16:28 - Row :56 - Parsing failed. Reason: Invalid product type oven
04-29-2022 @ 07:16:28 - Row :57 - Parsing item.
04-29-2022 @ 07:16:28 - Row :57 - Parsing failed. Reason: Invalid product type 1 pk
04-29-2022 @ 07:16:28 - Row :58 - Parsing item.
04-29-2022 @ 07:16:28 - Row :58 - Parsing failed. Reason: Invalid product type 1 pk
04-29-2022 @ 07:16:28 - Row :59 - Parsing item.
04-29-2022 @ 07:16:28 - Row :59 - Parsing failed. Reason: Invalid product type listrik
04-29-2022 @ 07:16:28 - Row :60 - Parsing item.
04-29-2022 @ 07:16:28 - Row :60 - Parsing failed. Reason: Invalid product type 1 pk
04-29-2022 @ 07:16:29 - Preparing for import.
04-29-2022 @ 07:16:29 - Row :61 - Parsing item.
04-29-2022 @ 07:16:29 - Row :61 - Parsing failed. Reason: Invalid product type 2 tungku
04-29-2022 @ 07:16:29 - Row :62 - Parsing item.
04-29-2022 @ 07:16:29 - Row :62 - Parsing failed. Reason: Invalid product type stand fan
04-29-2022 @ 07:16:29 - Row :63 - Parsing item.
04-29-2022 @ 07:16:29 - Row :63 - Parsing failed. Reason: Invalid product type stand fan
04-29-2022 @ 07:16:29 - Row :64 - Parsing item.
04-29-2022 @ 07:16:29 - Row :64 - Parsing failed. Reason: Invalid product type 1 pintu
04-29-2022 @ 07:16:29 - Row :65 - Parsing item.
04-29-2022 @ 07:16:29 - Row :65 - Parsing failed. Reason: Invalid product type freezer
04-29-2022 @ 07:16:29 - Row :66 - Parsing item.
04-29-2022 @ 07:16:29 - Row :66 - Parsing failed. Reason: Invalid product type front loading
04-29-2022 @ 07:16:29 - Row :67 - Parsing item.
04-29-2022 @ 07:16:29 - Row :67 - Parsing failed. Reason: Invalid product type 1 pk
04-29-2022 @ 07:16:29 - Row :68 - Parsing item.
04-29-2022 @ 07:16:29 - Row :68 - Parsing failed. Reason: Invalid product type 1 pk
04-29-2022 @ 07:16:29 - Row :69 - Parsing item.
04-29-2022 @ 07:16:29 - Row :69 - Parsing failed. Reason: Invalid product type 1 pintu
04-29-2022 @ 07:16:29 - Row :70 - Parsing item.
04-29-2022 @ 07:16:29 - Row :70 - Parsing failed. Reason: Invalid product type freezer
04-29-2022 @ 07:16:30 - Preparing for import.
04-29-2022 @ 07:16:30 - Row :71 - Parsing item.
04-29-2022 @ 07:16:30 - Row :71 - Parsing failed. Reason: Invalid product type 1 pintu
04-29-2022 @ 07:16:30 - Row :72 - Parsing item.
04-29-2022 @ 07:16:30 - Row :72 - Parsing failed. Reason: Invalid product type chest freezer
04-29-2022 @ 07:16:30 - Row :73 - Parsing item.
04-29-2022 @ 07:16:30 - Row :73 - Parsing failed. Reason: Invalid product type 2 pintu
04-29-2022 @ 07:16:30 - Row :74 - Parsing item.
04-29-2022 @ 07:16:30 - Row :74 - Parsing failed. Reason: Invalid product type magic com
04-29-2022 @ 07:16:30 - Row :75 - Parsing item.
04-29-2022 @ 07:16:30 - Row :75 - Parsing failed. Reason: Invalid product type 2 tabung
04-29-2022 @ 07:16:30 - Row :76 - Parsing item.
04-29-2022 @ 07:16:30 - Row :76 - Parsing failed. Reason: Invalid product type chest freezer
04-29-2022 @ 07:16:30 - Row :77 - Parsing item.
04-29-2022 @ 07:16:30 - Row :77 - Parsing failed. Reason: Invalid product type magic com
04-29-2022 @ 07:16:30 - Row :78 - Parsing item.
04-29-2022 @ 07:16:30 - Row :78 - Parsing failed. Reason: Invalid product type chest frezeer
04-29-2022 @ 07:16:30 - Row :79 - Parsing item.
04-29-2022 @ 07:16:30 - Row :79 - Parsing failed. Reason: Invalid product type magic com
04-29-2022 @ 07:16:30 - Row :80 - Parsing item.
04-29-2022 @ 07:16:30 - Row :80 - Parsing failed. Reason: Invalid product type magic com
04-29-2022 @ 07:16:30 - Preparing for import.
04-29-2022 @ 07:16:30 - Row :81 - Parsing item.
04-29-2022 @ 07:16:30 - Row :81 - Parsing failed. Reason: Invalid product type 1 pintu
04-29-2022 @ 07:16:30 - Row :82 - Parsing item.
04-29-2022 @ 07:16:30 - Row :82 - Parsing failed. Reason: Invalid product type 1 pintu
04-29-2022 @ 07:16:30 - Row :83 - Parsing item.
04-29-2022 @ 07:16:30 - Row :83 - Parsing failed. Reason: Invalid product type 2 tabung
04-29-2022 @ 07:16:30 - Row :84 - Parsing item.
04-29-2022 @ 07:16:30 - Row :84 - Parsing failed. Reason: Invalid product type 2 tabung
04-29-2022 @ 07:16:30 - Row :85 - Parsing item.
04-29-2022 @ 07:16:30 - Row :85 - Parsing failed. Reason: Invalid product type 2 tabung
04-29-2022 @ 07:16:30 - Row :86 - Parsing item.
04-29-2022 @ 07:16:30 - Row :86 - Parsing failed. Reason: Invalid product type 1/2 pk
04-29-2022 @ 07:16:30 - Row :87 - Parsing item.
04-29-2022 @ 07:16:30 - Row :87 - Parsing failed. Reason: Invalid product type freezer box
04-29-2022 @ 07:16:30 - Row :88 - Parsing item.
04-29-2022 @ 07:16:30 - Row :88 - Parsing failed. Reason: Invalid product type freezer box
04-29-2022 @ 07:16:30 - Row :89 - Parsing item.
04-29-2022 @ 07:16:30 - Row :89 - Parsing failed. Reason: Invalid product type freezer box
04-29-2022 @ 07:16:30 - Row :90 - Parsing item.
04-29-2022 @ 07:16:30 - Row :90 - Parsing failed. Reason: Invalid product type freezer box
04-29-2022 @ 07:16:31 - Preparing for import.
04-29-2022 @ 07:16:31 - Row :91 - Parsing item.
04-29-2022 @ 07:16:31 - Row :91 - Parsing failed. Reason: Invalid product type vakum
04-29-2022 @ 07:16:31 - Row :92 - Parsing item.
04-29-2022 @ 07:16:31 - Row :92 - Parsing failed. Reason: Invalid product type 2 tabung
04-29-2022 @ 07:16:31 - Row :93 - Parsing item.
04-29-2022 @ 07:16:31 - Row :93 - Parsing failed. Reason: Invalid product type 2 tabung
04-29-2022 @ 07:16:31 - Row :94 - Parsing item.
04-29-2022 @ 07:16:31 - Row :94 - Parsing failed. Reason: Invalid product type 2 tabung
04-29-2022 @ 07:16:31 - Row :95 - Parsing item.
04-29-2022 @ 07:16:31 - Row :95 - Parsing failed. Reason: Invalid product type 2 tabung
04-29-2022 @ 07:16:31 - Row :96 - Parsing item.
04-29-2022 @ 07:16:31 - Row :96 - Parsing failed. Reason: Invalid product type 2 pintu
04-29-2022 @ 07:16:31 - Row :97 - Parsing item.
04-29-2022 @ 07:16:31 - Row :97 - Parsing failed. Reason: Invalid product type front loading
04-29-2022 @ 07:16:31 - Row :98 - Parsing item.
04-29-2022 @ 07:16:31 - Row :98 - Parsing failed. Reason: Invalid product type 43 inch
04-29-2022 @ 07:16:31 - Row :99 - Parsing item.
04-29-2022 @ 07:16:31 - Row :99 - Parsing failed. Reason: Invalid product type air purifier masker
04-29-2022 @ 07:16:31 - Row :100 - Parsing item.
04-29-2022 @ 07:16:31 - Row :100 - Parsing failed. Reason: Invalid product type air fryer
04-29-2022 @ 07:16:32 - Preparing for import.
04-29-2022 @ 07:16:32 - Row :101 - Parsing item.
04-29-2022 @ 07:16:32 - Row :101 - Parsing failed. Reason: Invalid product type desk fan
04-29-2022 @ 07:16:32 - Row :102 - Parsing item.
04-29-2022 @ 07:16:32 - Row :102 - Parsing failed. Reason: Invalid product type 1 tabung
04-29-2022 @ 07:16:32 - Row :103 - Parsing item.
04-29-2022 @ 07:16:32 - Row :103 - Parsing failed. Reason: Invalid product type 2 tabung
04-29-2022 @ 07:16:32 - Row :104 - Parsing item.
04-29-2022 @ 07:16:32 - Row :104 - Parsing failed. Reason: Invalid product type speaker
04-29-2022 @ 07:16:32 - Row :105 - Parsing item.
04-29-2022 @ 07:16:32 - Row :105 - Parsing failed. Reason: Invalid product type speaker
04-29-2022 @ 07:16:32 - Row :106 - Parsing item.
04-29-2022 @ 07:16:32 - Row :106 - Parsing failed. Reason: Invalid product type 2 tungku
04-29-2022 @ 07:16:32 - Row :107 - Parsing item.
04-29-2022 @ 07:16:32 - Row :107 - Parsing failed. Reason: Invalid product type 2 tungku
04-29-2022 @ 07:16:32 - Row :108 - Parsing item.
04-29-2022 @ 07:16:32 - Row :108 - Parsing failed. Reason: Invalid product type 2 tungku
04-29-2022 @ 07:16:32 - Row :109 - Parsing item.
04-29-2022 @ 07:16:32 - Row :109 - Parsing failed. Reason: Invalid product type magic com
04-29-2022 @ 07:16:32 - Row :110 - Parsing item.
04-29-2022 @ 07:16:32 - Row :110 - Parsing failed. Reason: Invalid product type magic com
04-29-2022 @ 07:16:33 - Preparing for import.
04-29-2022 @ 07:16:33 - Row :111 - Parsing item.
04-29-2022 @ 07:16:33 - Row :111 - Parsing failed. Reason: Invalid product type front loading
04-29-2022 @ 07:16:33 - Row :112 - Parsing item.
04-29-2022 @ 07:16:33 - Row :112 - Parsing failed. Reason: Invalid product type 24 inch
04-29-2022 @ 07:16:33 - Row :113 - Parsing item.
04-29-2022 @ 07:16:33 - Row :113 - Parsing failed. Reason: Invalid product type 2 tabung
04-29-2022 @ 07:16:33 - Row :114 - Parsing item.
04-29-2022 @ 07:16:33 - Row :114 - Parsing failed. Reason: Invalid product type 55 inch smart tv
04-29-2022 @ 07:16:33 - Row :115 - Parsing item.
04-29-2022 @ 07:16:33 - Row :115 - Parsing failed. Reason: Invalid product type listrik
04-29-2022 @ 07:16:33 - Row :116 - Parsing item.
04-29-2022 @ 07:16:33 - Row :116 - Parsing failed. Reason: Invalid product type side by side
04-29-2022 @ 07:16:33 - Row :117 - Parsing item.
04-29-2022 @ 07:16:33 - Row :117 - Parsing failed. Reason: Invalid product type galon atas
04-29-2022 @ 07:16:33 - Row :118 - Parsing item.
04-29-2022 @ 07:16:33 - Row :118 - Parsing failed. Reason: Invalid product type side by side
04-29-2022 @ 07:16:33 - Row :119 - Parsing item.
04-29-2022 @ 07:16:33 - Row :119 - Parsing failed. Reason: Invalid product type galon atas
04-29-2022 @ 07:16:33 - Row :120 - Parsing item.
04-29-2022 @ 07:16:33 - Row :120 - Parsing failed. Reason: Invalid product type side by side
04-29-2022 @ 07:16:34 - Preparing for import.
04-29-2022 @ 07:16:34 - Row :121 - Parsing item.
04-29-2022 @ 07:16:34 - Row :121 - Parsing failed. Reason: Invalid product type microphone
04-29-2022 @ 07:16:34 - Row :122 - Parsing item.
04-29-2022 @ 07:16:34 - Row :122 - Parsing failed. Reason: Invalid product type microphone
04-29-2022 @ 07:16:34 - Row :123 - Parsing item.
04-29-2022 @ 07:16:34 - Row :123 - Parsing failed. Reason: Invalid product type 2 pintu
04-29-2022 @ 07:16:34 - Row :124 - Parsing item.
04-29-2022 @ 07:16:34 - Row :124 - Parsing failed. Reason: Invalid product type air purifier mobil
04-29-2022 @ 07:16:34 - Row :125 - Parsing item.
04-29-2022 @ 07:16:34 - Row :125 - Parsing failed. Reason: Invalid product type 2 pintu
04-29-2022 @ 07:16:34 - Row :126 - Parsing item.
04-29-2022 @ 07:16:34 - Row :126 - Parsing failed. Reason: Invalid product type 2 pintu
04-29-2022 @ 07:16:34 - Row :127 - Parsing item.
04-29-2022 @ 07:16:34 - Row :127 - Parsing failed. Reason: Invalid product type 2 pintu
04-29-2022 @ 07:16:34 - Row :128 - Parsing item.
04-29-2022 @ 07:16:34 - Row :128 - Parsing failed. Reason: Invalid product type 2 pintu
04-29-2022 @ 07:16:34 - Row :129 - Parsing item.
04-29-2022 @ 07:16:34 - Row :129 - Parsing failed. Reason: Invalid product type 2 tabung
04-29-2022 @ 07:16:34 - Row :130 - Parsing item.
04-29-2022 @ 07:16:34 - Row :130 - Parsing failed. Reason: Invalid product type 2 tabung
04-29-2022 @ 07:16:34 - Preparing for import.
04-29-2022 @ 07:16:34 - Row :131 - Parsing item.
04-29-2022 @ 07:16:34 - Row :131 - Parsing failed. Reason: Invalid product type 2 tabung
04-29-2022 @ 07:16:34 - Row :132 - Parsing item.
04-29-2022 @ 07:16:34 - Row :132 - Parsing failed. Reason: Invalid product type 2 tabung
04-29-2022 @ 07:16:34 - Row :133 - Parsing item.
04-29-2022 @ 07:16:34 - Row :133 - Parsing failed. Reason: Invalid product type 2 tabung
04-29-2022 @ 07:16:34 - Row :134 - Parsing item.
04-29-2022 @ 07:16:34 - Row :134 - Parsing failed. Reason: Invalid product type 2 tabung
04-29-2022 @ 07:16:34 - Row :135 - Parsing item.
04-29-2022 @ 07:16:34 - Row :135 - Parsing failed. Reason: Invalid product type 2 pintu
04-29-2022 @ 07:16:34 - Row :136 - Parsing item.
04-29-2022 @ 07:16:34 - Row :136 - Parsing failed. Reason: Invalid product type 2 pintu
04-29-2022 @ 07:16:34 - Row :137 - Parsing item.
04-29-2022 @ 07:16:35 - Row :137 - Parsing failed. Reason: Invalid product type 2 pintu
04-29-2022 @ 07:16:35 - Row :138 - Parsing item.
04-29-2022 @ 07:16:35 - Row :138 - Parsing failed. Reason: Invalid product type 2 pintu
04-29-2022 @ 07:16:35 - Row :139 - Parsing item.
04-29-2022 @ 07:16:35 - Row :139 - Parsing failed. Reason: Invalid product type 2 pintu
04-29-2022 @ 07:16:35 - Row :140 - Parsing item.
04-29-2022 @ 07:16:35 - Row :140 - Parsing failed. Reason: Invalid product type 2 pintu
04-29-2022 @ 07:16:35 - Preparing for import.
04-29-2022 @ 07:16:35 - Row :141 - Parsing item.
04-29-2022 @ 07:16:35 - Row :141 - Parsing failed. Reason: Invalid product type 1 tungku
04-29-2022 @ 07:16:35 - Row :142 - Parsing item.
04-29-2022 @ 07:16:35 - Row :142 - Parsing failed. Reason: Invalid product type 1 tungku
04-29-2022 @ 07:16:35 - Row :143 - Parsing item.
04-29-2022 @ 07:16:35 - Row :143 - Parsing failed. Reason: Invalid product type 1 pintu
04-29-2022 @ 07:16:35 - Row :144 - Parsing item.
04-29-2022 @ 07:16:35 - Row :144 - Parsing failed. Reason: Invalid product type galon bawah
04-29-2022 @ 07:16:35 - Row :145 - Parsing item.
04-29-2022 @ 07:16:35 - Row :145 - Parsing failed. Reason: Invalid product type 2 tabung
04-29-2022 @ 07:16:35 - Row :146 - Parsing item.
04-29-2022 @ 07:16:35 - Row :146 - Parsing failed. Reason: Invalid product type 2 tabung
04-29-2022 @ 07:16:35 - Row :147 - Parsing item.
04-29-2022 @ 07:16:35 - Row :147 - Parsing failed. Reason: Invalid product type galon bawah
04-29-2022 @ 07:16:35 - Row :148 - Parsing item.
04-29-2022 @ 07:16:35 - Row :148 - Parsing failed. Reason: Invalid product type 1 tabung top loading
04-29-2022 @ 07:16:35 - Row :149 - Parsing item.
04-29-2022 @ 07:16:35 - Row :149 - Parsing failed. Reason: Invalid product type galon bawah
04-29-2022 @ 07:16:35 - Row :150 - Parsing item.
04-29-2022 @ 07:16:35 - Row :150 - Parsing failed. Reason: Invalid product type 2 tabung
04-29-2022 @ 07:16:36 - Preparing for import.
04-29-2022 @ 07:16:36 - Row :151 - Parsing item.
04-29-2022 @ 07:16:36 - Row :151 - Parsing failed. Reason: Invalid product type 2 tabung
04-29-2022 @ 07:16:36 - Row :152 - Parsing item.
04-29-2022 @ 07:16:36 - Row :152 - Parsing failed. Reason: Invalid product type 2 tabung
04-29-2022 @ 07:16:36 - Row :153 - Parsing item.
04-29-2022 @ 07:16:36 - Row :153 - Parsing failed. Reason: Invalid product type oven
04-29-2022 @ 07:16:36 - Row :154 - Parsing item.
04-29-2022 @ 07:16:36 - Row :154 - Parsing failed. Reason: Invalid product type 1 tabung top loading
04-29-2022 @ 07:16:36 - Row :155 - Parsing item.
04-29-2022 @ 07:16:36 - Row :155 - Parsing failed. Reason: Invalid product type 1 tabung top loading
04-29-2022 @ 07:16:36 - Row :156 - Parsing item.
04-29-2022 @ 07:16:36 - Row :156 - Parsing failed. Reason: Invalid product type 1 tabung top loading
04-29-2022 @ 07:16:36 - Row :157 - Parsing item.
04-29-2022 @ 07:16:36 - Row :157 - Parsing failed. Reason: Invalid product type oven
04-29-2022 @ 07:16:36 - Row :158 - Parsing item.
04-29-2022 @ 07:16:36 - Row :158 - Parsing failed. Reason: Invalid product type stand
04-29-2022 @ 07:16:36 - Row :159 - Parsing item.
04-29-2022 @ 07:16:36 - Row :159 - Parsing failed. Reason: Invalid product type 32 inch
04-29-2022 @ 07:16:36 - Row :160 - Parsing item.
04-29-2022 @ 07:16:36 - Row :160 - Parsing failed. Reason: Invalid product type 2 tabung
04-29-2022 @ 07:16:37 - Preparing for import.
04-29-2022 @ 07:16:37 - Row :161 - Parsing item.
04-29-2022 @ 07:16:37 - Row :161 - Parsing failed. Reason: Invalid product type 2 tabung
04-29-2022 @ 07:16:37 - Row :162 - Parsing item.
04-29-2022 @ 07:16:37 - Row :162 - Parsing failed. Reason: Invalid product type gas
04-29-2022 @ 07:16:37 - Row :163 - Parsing item.
04-29-2022 @ 07:16:37 - Row :163 - Parsing failed. Reason: Invalid product type speaker
04-29-2022 @ 07:16:37 - Row :164 - Parsing item.
04-29-2022 @ 07:16:37 - Row :164 - Parsing failed. Reason: Invalid product type kecil
04-29-2022 @ 07:16:37 - Row :165 - Parsing item.
04-29-2022 @ 07:16:37 - Row :165 - Parsing failed. Reason: Invalid product type kecil
04-29-2022 @ 07:16:37 - Row :166 - Parsing item.
04-29-2022 @ 07:16:37 - Row :166 - Parsing failed. Reason: Invalid product type kecil
04-29-2022 @ 07:16:37 - Row :167 - Parsing item.
04-29-2022 @ 07:16:37 - Row :167 - Parsing failed. Reason: Invalid product type hand
04-29-2022 @ 07:16:37 - Row :168 - Parsing item.
04-29-2022 @ 07:16:37 - Row :168 - Parsing failed. Reason: Invalid product type speaker
04-29-2022 @ 07:16:37 - Row :169 - Parsing item.
04-29-2022 @ 07:16:37 - Row :169 - Parsing failed. Reason: Invalid product type speaker
04-29-2022 @ 07:16:37 - Row :170 - Parsing item.
04-29-2022 @ 07:16:37 - Row :170 - Parsing failed. Reason: Invalid product type showcase
04-29-2022 @ 07:16:38 - Preparing for import.
04-29-2022 @ 07:16:38 - Row :171 - Parsing item.
04-29-2022 @ 07:16:38 - Row :171 - Parsing failed. Reason: Invalid product type 43 inch
04-29-2022 @ 07:16:38 - Row :172 - Parsing item.
04-29-2022 @ 07:16:38 - Row :172 - Parsing failed. Reason: Invalid product type 43 inch
04-29-2022 @ 07:16:38 - Row :173 - Parsing item.
04-29-2022 @ 07:16:38 - Row :173 - Parsing failed. Reason: Invalid product type 43 inch
04-29-2022 @ 07:16:38 - Row :174 - Parsing item.
04-29-2022 @ 07:16:38 - Row :174 - Parsing failed. Reason: Invalid product type 43 inch
04-29-2022 @ 07:16:38 - Row :175 - Parsing item.
04-29-2022 @ 07:16:38 - Row :175 - Parsing failed. Reason: Invalid product type 2 pintu
04-29-2022 @ 07:16:38 - Row :176 - Parsing item.
04-29-2022 @ 07:16:38 - Row :176 - Parsing failed. Reason: Invalid product type 24 inch
04-29-2022 @ 07:16:38 - Row :177 - Parsing item.
04-29-2022 @ 07:16:38 - Row :177 - Parsing failed. Reason: Invalid product type 32 inch
04-29-2022 @ 07:16:38 - Row :178 - Parsing item.
04-29-2022 @ 07:16:38 - Row :178 - Parsing failed. Reason: Invalid product type desk & wall fan
04-29-2022 @ 07:16:38 - Row :179 - Parsing item.
04-29-2022 @ 07:16:38 - Row :179 - Parsing failed. Reason: Invalid product type listrik
04-29-2022 @ 07:16:38 - Row :180 - Parsing item.
04-29-2022 @ 07:16:38 - Row :180 - Parsing failed. Reason: Invalid product type desk fan
04-29-2022 @ 07:16:38 - Preparing for import.
04-29-2022 @ 07:16:38 - Row :181 - Parsing item.
04-29-2022 @ 07:16:38 - Row :181 - Parsing failed. Reason: Invalid product type desk fan
04-29-2022 @ 07:16:38 - Row :182 - Parsing item.
04-29-2022 @ 07:16:38 - Row :182 - Parsing failed. Reason: Invalid product type magic com
04-29-2022 @ 07:16:38 - Row :183 - Parsing item.
04-29-2022 @ 07:16:38 - Row :183 - Parsing failed. Reason: Invalid product type listrik
04-29-2022 @ 07:16:38 - Row :184 - Parsing item.
04-29-2022 @ 07:16:38 - Row :184 - Parsing failed. Reason: Invalid product type desk fan
04-29-2022 @ 07:16:38 - Row :185 - Parsing item.
04-29-2022 @ 07:16:38 - Row :185 - Parsing failed. Reason: Invalid product type magic com
04-29-2022 @ 07:16:38 - Row :186 - Parsing item.
04-29-2022 @ 07:16:38 - Row :186 - Parsing failed. Reason: Invalid product type desk fan
04-29-2022 @ 07:16:38 - Row :187 - Parsing item.
04-29-2022 @ 07:16:38 - Row :187 - Parsing failed. Reason: Invalid product type box fan
04-29-2022 @ 07:16:38 - Row :188 - Parsing item.
04-29-2022 @ 07:16:38 - Row :188 - Parsing failed. Reason: Invalid product type microwave
04-29-2022 @ 07:16:38 - Row :189 - Parsing item.
04-29-2022 @ 07:16:38 - Row :189 - Parsing failed. Reason: Invalid product type magic com
04-29-2022 @ 07:16:38 - Row :190 - Parsing item.
04-29-2022 @ 07:16:38 - Row :190 - Parsing failed. Reason: Invalid product type desk fan wall fan
04-29-2022 @ 07:16:39 - Preparing for import.
04-29-2022 @ 07:16:39 - Row :191 - Parsing item.
04-29-2022 @ 07:16:39 - Row :191 - Parsing failed. Reason: Invalid product type magic com
04-29-2022 @ 07:16:39 - Row :192 - Parsing item.
04-29-2022 @ 07:16:39 - Row :192 - Parsing failed. Reason: Invalid product type magic com
04-29-2022 @ 07:16:39 - Row :193 - Parsing item.
04-29-2022 @ 07:16:39 - Row :193 - Parsing failed. Reason: Invalid product type air purifier mobil
04-29-2022 @ 07:16:39 - Row :194 - Parsing item.
04-29-2022 @ 07:16:39 - Row :194 - Parsing failed. Reason: Invalid product type stand
04-29-2022 @ 07:16:39 - Row :195 - Parsing item.
04-29-2022 @ 07:16:39 - Row :195 - Parsing failed. Reason: Invalid product type selang paket
04-29-2022 @ 07:16:39 - Row :196 - Parsing item.
04-29-2022 @ 07:16:39 - Row :196 - Parsing failed. Reason: Invalid product type steker t
04-29-2022 @ 07:16:39 - Row :197 - Parsing item.
04-29-2022 @ 07:16:39 - Row :197 - Parsing failed. Reason: Invalid product type plastik
04-29-2022 @ 07:16:39 - Row :198 - Parsing item.
04-29-2022 @ 07:16:39 - Row :198 - Parsing failed. Reason: Invalid product type magic com
04-29-2022 @ 07:16:39 - Row :199 - Parsing item.
04-29-2022 @ 07:16:39 - Row :199 - Parsing failed. Reason: Invalid product type magic com
04-29-2022 @ 07:16:39 - Row :200 - Parsing item.
04-29-2022 @ 07:16:39 - Row :200 - Parsing failed. Reason: Invalid product type steker universal
04-29-2022 @ 07:16:40 - Preparing for import.
04-29-2022 @ 07:16:40 - Row :201 - Parsing item.
04-29-2022 @ 07:16:40 - Row :201 - Parsing failed. Reason: Invalid product type magic com
04-29-2022 @ 07:16:40 - Row :202 - Parsing item.
04-29-2022 @ 07:16:40 - Row :202 - Parsing failed. Reason: Invalid product type magic com
04-29-2022 @ 07:16:40 - Row :203 - Parsing item.
04-29-2022 @ 07:16:40 - Row :203 - Parsing failed. Reason: Invalid product type 2 tungku
04-29-2022 @ 07:16:40 - Row :204 - Parsing item.
04-29-2022 @ 07:16:40 - Row :204 - Parsing failed. Reason: Invalid product type selang paket
04-29-2022 @ 07:16:40 - Row :205 - Parsing item.
04-29-2022 @ 07:16:40 - Row :205 - Parsing failed. Reason: Invalid product type selang paket
04-29-2022 @ 07:16:40 - Row :206 - Parsing item.
04-29-2022 @ 07:16:40 - Row :206 - Parsing failed. Reason: Invalid product type oven
04-29-2022 @ 07:16:40 - Row :207 - Parsing item.
04-29-2022 @ 07:16:40 - Row :207 - Parsing failed. Reason: Invalid product type vakum
04-29-2022 @ 07:16:40 - Row :208 - Parsing item.
04-29-2022 @ 07:16:40 - Row :208 - Parsing failed. Reason: Invalid product type plastik
04-29-2022 @ 07:16:40 - Row :209 - Parsing item.
04-29-2022 @ 07:16:40 - Row :209 - Parsing failed. Reason: Invalid product type plastik
04-29-2022 @ 07:16:40 - Row :210 - Parsing item.
04-29-2022 @ 07:16:40 - Row :210 - Parsing failed. Reason: Invalid product type air purifier
04-29-2022 @ 07:16:41 - Preparing for import.
04-29-2022 @ 07:16:41 - Row :211 - Parsing item.
04-29-2022 @ 07:16:41 - Row :211 - Parsing failed. Reason: Invalid product type air purifier
04-29-2022 @ 07:16:41 - Row :212 - Parsing item.
04-29-2022 @ 07:16:41 - Row :212 - Parsing failed. Reason: Invalid product type speaker
04-29-2022 @ 07:16:41 - Row :213 - Parsing item.
04-29-2022 @ 07:16:41 - Row :213 - Parsing failed. Reason: Invalid product type speaker
04-29-2022 @ 07:16:41 - Row :214 - Parsing item.
04-29-2022 @ 07:16:41 - Row :214 - Parsing failed. Reason: Invalid product type hand
04-29-2022 @ 07:16:41 - Row :215 - Parsing item.
04-29-2022 @ 07:16:41 - Row :215 - Parsing failed. Reason: Invalid product type panci presto
04-29-2022 @ 07:16:41 - Row :216 - Parsing item.
04-29-2022 @ 07:16:41 - Row :216 - Parsing failed. Reason: Invalid product type 24 inch
04-29-2022 @ 07:16:41 - Row :217 - Parsing item.
04-29-2022 @ 07:16:41 - Row :217 - Parsing failed. Reason: Invalid product type 24 inch
04-29-2022 @ 07:16:41 - Row :218 - Parsing item.
04-29-2022 @ 07:16:41 - Row :218 - Parsing failed. Reason: Invalid product type 32 inch
04-29-2022 @ 07:16:41 - Row :219 - Parsing item.
04-29-2022 @ 07:16:41 - Row :219 - Parsing failed. Reason: Invalid product type 32 inch
04-29-2022 @ 07:16:41 - Row :220 - Parsing item.
04-29-2022 @ 07:16:41 - Row :220 - Parsing failed. Reason: Invalid product type 32 inch
04-29-2022 @ 07:16:42 - Preparing for import.
04-29-2022 @ 07:16:42 - Row :221 - Parsing item.
04-29-2022 @ 07:16:42 - Row :221 - Parsing failed. Reason: Invalid product type 24 inch
04-29-2022 @ 07:16:42 - Row :222 - Parsing item.
04-29-2022 @ 07:16:42 - Row :222 - Parsing failed. Reason: Invalid product type 32 inch
04-29-2022 @ 07:16:42 - Row :223 - Parsing item.
04-29-2022 @ 07:16:42 - Row :223 - Parsing failed. Reason: Invalid product type 24 inch
04-29-2022 @ 07:16:42 - Row :224 - Parsing item.
04-29-2022 @ 07:16:42 - Row :224 - Parsing failed. Reason: Invalid product type 2 tungku
04-29-2022 @ 07:16:42 - Row :225 - Parsing item.
04-29-2022 @ 07:16:42 - Row :225 - Parsing failed. Reason: Invalid product type 1 pintu
04-29-2022 @ 07:16:42 - Row :226 - Parsing item.
04-29-2022 @ 07:16:42 - Row :226 - Parsing failed. Reason: Invalid product type 1 pintu
04-29-2022 @ 07:16:42 - Row :227 - Parsing item.
04-29-2022 @ 07:16:42 - Row :227 - Parsing failed. Reason: Invalid product type 1 pintu
04-29-2022 @ 07:16:42 - Row :228 - Parsing item.
04-29-2022 @ 07:16:42 - Row :228 - Parsing failed. Reason: Invalid product type stop kontak
04-29-2022 @ 07:16:42 - Row :229 - Parsing item.
04-29-2022 @ 07:16:42 - Row :229 - Parsing failed. Reason: Invalid product type tornado
04-29-2022 @ 07:16:42 - Row :230 - Parsing item.
04-29-2022 @ 07:16:42 - Row :230 - Parsing failed. Reason: Invalid product type 2 pintu
04-29-2022 @ 07:16:42 - Preparing for import.
04-29-2022 @ 07:16:42 - Row :231 - Parsing item.
04-29-2022 @ 07:16:42 - Row :231 - Parsing failed. Reason: Invalid product type 2 pintu
04-29-2022 @ 07:16:42 - Row :232 - Parsing item.
04-29-2022 @ 07:16:42 - Row :232 - Parsing failed. Reason: Invalid product type side by side
04-29-2022 @ 07:16:43 - Row :233 - Parsing item.
04-29-2022 @ 07:16:43 - Row :233 - Parsing failed. Reason: Invalid product type side by side
04-29-2022 @ 07:16:43 - Row :234 - Parsing item.
04-29-2022 @ 07:16:43 - Row :234 - Parsing failed. Reason: Invalid product type 2 pintu
04-29-2022 @ 07:16:43 - Row :235 - Parsing item.
04-29-2022 @ 07:16:43 - Row :235 - Parsing failed. Reason: Invalid product type 2 pintu
04-29-2022 @ 07:16:43 - Row :236 - Parsing item.
04-29-2022 @ 07:16:43 - Row :236 - Parsing failed. Reason: Invalid product type 1 pintu
04-29-2022 @ 07:16:43 - Row :237 - Parsing item.
04-29-2022 @ 07:16:43 - Row :237 - Parsing failed. Reason: Invalid product type remote universal
04-29-2022 @ 07:16:43 - Row :238 - Parsing item.
04-29-2022 @ 07:16:43 - Row :238 - Parsing failed. Reason: Invalid product type 2 tungku
04-29-2022 @ 07:16:43 - Row :239 - Parsing item.
04-29-2022 @ 07:16:43 - Row :239 - Parsing failed. Reason: Invalid product type galon atas
04-29-2022 @ 07:16:43 - Row :240 - Parsing item.
04-29-2022 @ 07:16:43 - Row :240 - Parsing failed. Reason: Invalid product type tornado
04-29-2022 @ 07:16:43 - Preparing for import.
04-29-2022 @ 07:16:43 - Row :241 - Parsing item.
04-29-2022 @ 07:16:43 - Row :241 - Parsing failed. Reason: Invalid product type lampu essential
04-29-2022 @ 07:16:43 - Row :242 - Parsing item.
04-29-2022 @ 07:16:43 - Row :242 - Parsing failed. Reason: Invalid product type lampu essential
04-29-2022 @ 07:16:43 - Row :243 - Parsing item.
04-29-2022 @ 07:16:43 - Row :243 - Parsing failed. Reason: Invalid product type lampu essential
04-29-2022 @ 07:16:43 - Row :244 - Parsing item.
04-29-2022 @ 07:16:43 - Row :244 - Parsing failed. Reason: Invalid product type lampu essential
04-29-2022 @ 07:16:43 - Row :245 - Parsing item.
04-29-2022 @ 07:16:43 - Row :245 - Parsing failed. Reason: Invalid product type lampu essential
04-29-2022 @ 07:16:43 - Row :246 - Parsing item.
04-29-2022 @ 07:16:43 - Row :246 - Parsing failed. Reason: Invalid product type horn
04-29-2022 @ 07:16:43 - Row :247 - Parsing item.
04-29-2022 @ 07:16:43 - Row :247 - Parsing failed. Reason: Invalid product type horn
04-29-2022 @ 07:16:43 - Row :248 - Parsing item.
04-29-2022 @ 07:16:43 - Row :248 - Parsing failed. Reason: Invalid product type megaphone
04-29-2022 @ 07:16:43 - Row :249 - Parsing item.
04-29-2022 @ 07:16:43 - Row :249 - Parsing failed. Reason: Invalid product type horn
04-29-2022 @ 07:16:43 - Row :250 - Parsing item.
04-29-2022 @ 07:16:43 - Row :250 - Parsing failed. Reason: Invalid product type ac 1/2 pk
04-29-2022 @ 07:16:44 - Preparing for import.
04-29-2022 @ 07:16:44 - Row :251 - Parsing item.
04-29-2022 @ 07:16:44 - Row :251 - Parsing failed. Reason: Invalid product type 2 tabung
04-29-2022 @ 07:16:44 - Row :252 - Parsing item.
04-29-2022 @ 07:16:44 - Row :252 - Parsing failed. Reason: Invalid product type 2 tabung
04-29-2022 @ 07:16:44 - Row :253 - Parsing item.
04-29-2022 @ 07:16:44 - Row :253 - Parsing failed. Reason: Invalid product type 2 tabung
04-29-2022 @ 07:16:44 - Row :254 - Parsing item.
04-29-2022 @ 07:16:44 - Row :254 - Parsing failed. Reason: Invalid product type 2 tabung
04-29-2022 @ 07:16:44 - Row :255 - Parsing item.
04-29-2022 @ 07:16:44 - Row :255 - Parsing failed. Reason: Invalid product type 2 tabung
04-29-2022 @ 07:16:44 - Row :256 - Parsing item.
04-29-2022 @ 07:16:44 - Row :256 - Parsing failed. Reason: Invalid product type 1 pintu
04-29-2022 @ 07:16:44 - Row :257 - Parsing item.
04-29-2022 @ 07:16:44 - Row :257 - Parsing failed. Reason: Invalid product type 1 pintu
04-29-2022 @ 07:16:44 - Row :258 - Parsing item.
04-29-2022 @ 07:16:44 - Row :258 - Parsing failed. Reason: Invalid product type 1 pintu
04-29-2022 @ 07:16:44 - Row :259 - Parsing item.
04-29-2022 @ 07:16:44 - Row :259 - Parsing failed. Reason: Invalid product type 1 pintu
04-29-2022 @ 07:16:44 - Row :260 - Parsing item.
04-29-2022 @ 07:16:44 - Row :260 - Parsing failed. Reason: Invalid product type 1 pintu
04-29-2022 @ 07:16:45 - Preparing for import.
04-29-2022 @ 07:16:45 - Row :261 - Parsing item.
04-29-2022 @ 07:16:45 - Row :261 - Parsing failed. Reason: Invalid product type speaker aktif
04-29-2022 @ 07:16:45 - Row :262 - Parsing item.
04-29-2022 @ 07:16:45 - Row :262 - Parsing failed. Reason: Invalid product type speaker aktif
04-29-2022 @ 07:16:45 - Row :263 - Parsing item.
04-29-2022 @ 07:16:45 - Row :263 - Parsing failed. Reason: Invalid product type sterilizer box
04-29-2022 @ 07:16:45 - Row :264 - Parsing item.
04-29-2022 @ 07:16:45 - Row :264 - Parsing failed. Reason: Invalid product type ac 1/2 pk
04-29-2022 @ 07:16:45 - Row :265 - Parsing item.
04-29-2022 @ 07:16:45 - Row :265 - Parsing failed. Reason: Invalid product type teko listrik
04-29-2022 @ 07:16:45 - Row :266 - Parsing item.
04-29-2022 @ 07:16:45 - Row :266 - Parsing failed. Reason: Invalid product type 50 inch
04-29-2022 @ 07:16:45 - Row :267 - Parsing item.
04-29-2022 @ 07:16:45 - Row :267 - Parsing failed. Reason: Invalid product type 43 inch
04-29-2022 @ 07:16:45 - Row :268 - Parsing item.
04-29-2022 @ 07:16:45 - Row :268 - Parsing failed. Reason: Invalid product type 1 pintu
04-29-2022 @ 07:16:45 - Row :269 - Parsing item.
04-29-2022 @ 07:16:45 - Row :269 - Parsing failed. Reason: Invalid product type 1 pintu
04-29-2022 @ 07:16:45 - Row :270 - Parsing item.
04-29-2022 @ 07:16:45 - Row :270 - Parsing failed. Reason: Invalid product type 1 pintu
04-29-2022 @ 07:16:46 - Preparing for import.
04-29-2022 @ 07:16:46 - Row :271 - Parsing item.
04-29-2022 @ 07:16:46 - Row :271 - Parsing failed. Reason: Invalid product type 2 pintu
04-29-2022 @ 07:16:46 - Row :272 - Parsing item.
04-29-2022 @ 07:16:46 - Row :272 - Parsing failed. Reason: Invalid product type 1 pintu
04-29-2022 @ 07:16:46 - Row :273 - Parsing item.
04-29-2022 @ 07:16:46 - Row :273 - Parsing failed. Reason: Invalid product type 1 pintu
04-29-2022 @ 07:16:46 - Row :274 - Parsing item.
04-29-2022 @ 07:16:46 - Row :274 - Parsing failed. Reason: Invalid product type 1 pintu
04-29-2022 @ 07:16:46 - Row :275 - Parsing item.
04-29-2022 @ 07:16:46 - Row :275 - Parsing failed. Reason: Invalid product type 2 pintu
04-29-2022 @ 07:16:46 - Row :276 - Parsing item.
04-29-2022 @ 07:16:46 - Row :276 - Parsing failed. Reason: Invalid product type 2 pintu
04-29-2022 @ 07:16:46 - Row :277 - Parsing item.
04-29-2022 @ 07:16:46 - Row :277 - Parsing failed. Reason: Invalid product type 2 pintu
04-29-2022 @ 07:16:46 - Row :278 - Parsing item.
04-29-2022 @ 07:16:46 - Row :278 - Parsing failed. Reason: Invalid product type 1 pintu
04-29-2022 @ 07:16:46 - Row :279 - Parsing item.
04-29-2022 @ 07:16:46 - Row :279 - Parsing failed. Reason: Invalid product type 1 pintu
04-29-2022 @ 07:16:46 - Row :280 - Parsing item.
04-29-2022 @ 07:16:46 - Row :280 - Parsing failed. Reason: Invalid product type 1 pintu
04-29-2022 @ 07:16:47 - Preparing for import.
04-29-2022 @ 07:16:47 - Row :281 - Parsing item.
04-29-2022 @ 07:16:47 - Row :281 - Parsing failed. Reason: Invalid product type tornado
04-29-2022 @ 07:16:47 - Row :282 - Parsing item.
04-29-2022 @ 07:16:47 - Row :282 - Parsing failed. Reason: Invalid product type tornado
04-29-2022 @ 07:16:47 - Row :283 - Parsing item.
04-29-2022 @ 07:16:47 - Row :283 - Parsing failed. Reason: Invalid product type tornado
04-29-2022 @ 07:16:47 - Row :284 - Parsing item.
04-29-2022 @ 07:16:47 - Row :284 - Parsing failed. Reason: Invalid product type front loading
04-29-2022 @ 07:16:47 - Row :285 - Parsing item.
04-29-2022 @ 07:16:47 - Row :285 - Parsing failed. Reason: Invalid product type 2 tabung
04-29-2022 @ 07:16:47 - Row :286 - Parsing item.
04-29-2022 @ 07:16:47 - Row :286 - Parsing failed. Reason: Invalid product type 1 tabung top loading
04-29-2022 @ 07:16:47 - Row :287 - Parsing item.
04-29-2022 @ 07:16:47 - Row :287 - Parsing failed. Reason: Invalid product type 1 tabung top loading
04-29-2022 @ 07:16:47 - Row :288 - Parsing item.
04-29-2022 @ 07:16:47 - Row :288 - Parsing failed. Reason: Invalid product type 1 tabung top loading
04-29-2022 @ 07:16:47 - Row :289 - Parsing item.
04-29-2022 @ 07:16:47 - Row :289 - Parsing failed. Reason: Invalid product type 2 tabung
04-29-2022 @ 07:16:47 - Row :290 - Parsing item.
04-29-2022 @ 07:16:47 - Row :290 - Parsing failed. Reason: Invalid product type 2 tabung
04-29-2022 @ 07:16:47 - Preparing for import.
04-29-2022 @ 07:16:47 - Row :291 - Parsing item.
04-29-2022 @ 07:16:47 - Row :291 - Parsing failed. Reason: Invalid product type 2 tabung
04-29-2022 @ 07:16:47 - Row :292 - Parsing item.
04-29-2022 @ 07:16:47 - Row :292 - Parsing failed. Reason: Invalid product type 2 tabung
04-29-2022 @ 07:16:47 - Row :293 - Parsing item.
04-29-2022 @ 07:16:47 - Row :293 - Parsing failed. Reason: Invalid product type 2 tabung
04-29-2022 @ 07:16:47 - Row :294 - Parsing item.
04-29-2022 @ 07:16:47 - Row :294 - Parsing failed. Reason: Invalid product type 43 inch android tv
04-29-2022 @ 07:16:47 - Row :295 - Parsing item.
04-29-2022 @ 07:16:47 - Row :295 - Parsing failed. Reason: Invalid product type 43 inch
04-29-2022 @ 07:16:47 - Row :296 - Parsing item.
04-29-2022 @ 07:16:47 - Row :296 - Parsing failed. Reason: Invalid product type 32 inch
04-29-2022 @ 07:16:47 - Row :297 - Parsing item.
04-29-2022 @ 07:16:47 - Row :297 - Parsing failed. Reason: Invalid product type 24 inch
04-29-2022 @ 07:16:47 - Row :298 - Parsing item.
04-29-2022 @ 07:16:47 - Row :298 - Parsing failed. Reason: Invalid product type 2 tabung
04-29-2022 @ 07:16:47 - Row :299 - Parsing item.
04-29-2022 @ 07:16:47 - Row :299 - Parsing failed. Reason: Invalid product type 24 inch
04-29-2022 @ 07:16:47 - Row :300 - Parsing item.
04-29-2022 @ 07:16:47 - Row :300 - Parsing failed. Reason: Invalid product type 24 inch
04-29-2022 @ 07:16:48 - Preparing for import.
04-29-2022 @ 07:16:48 - Row :301 - Parsing item.
04-29-2022 @ 07:16:48 - Row :301 - Parsing failed. Reason: Invalid product type 2 tabung
04-29-2022 @ 07:16:48 - Row :302 - Parsing item.
04-29-2022 @ 07:16:48 - Row :302 - Parsing failed. Reason: Invalid product type 2 tabung
04-29-2022 @ 07:16:48 - Row :303 - Parsing item.
04-29-2022 @ 07:16:48 - Row :303 - Parsing failed. Reason: Invalid product type 32 inch android tv
04-29-2022 @ 07:16:48 - Row :304 - Parsing item.
04-29-2022 @ 07:16:48 - Row :304 - Parsing failed. Reason: Invalid product type 32 inch digital tv
04-29-2022 @ 07:16:48 - Row :305 - Parsing item.
04-29-2022 @ 07:16:48 - Row :305 - Parsing failed. Reason: Invalid product type 32 inch digital tv
04-29-2022 @ 07:16:48 - Row :306 - Parsing item.
04-29-2022 @ 07:16:48 - Row :306 - Parsing failed. Reason: Invalid product type 24 inch digital tv
04-29-2022 @ 07:16:48 - Row :307 - Parsing item.
04-29-2022 @ 07:16:48 - Row :307 - Parsing failed. Reason: Invalid product type 32 inch digital tv
04-29-2022 @ 07:16:48 - Row :308 - Parsing item.
04-29-2022 @ 07:16:48 - Row :308 - Parsing failed. Reason: Invalid product type 32 inch digital tv
04-29-2022 @ 07:16:48 - Row :309 - Parsing item.
04-29-2022 @ 07:16:48 - Row :309 - Parsing failed. Reason: Invalid product type 24 inch
04-29-2022 @ 07:16:48 - Row :310 - Parsing item.
04-29-2022 @ 07:16:48 - Row :310 - Parsing failed. Reason: Invalid product type speaker aktif
04-29-2022 @ 07:16:49 - Preparing for import.
04-29-2022 @ 07:16:49 - Row :311 - Parsing item.
04-29-2022 @ 07:16:49 - Row :311 - Parsing failed. Reason: Invalid product type speaker aktif
04-29-2022 @ 07:16:49 - Row :312 - Parsing item.
04-29-2022 @ 07:16:49 - Row :312 - Parsing failed. Reason: Invalid product type dispenser bawah
04-29-2022 @ 07:16:49 - Row :313 - Parsing item.
04-29-2022 @ 07:16:49 - Row :313 - Parsing failed. Reason: Invalid product type dispenser bawah
04-29-2022 @ 07:16:49 - Row :314 - Parsing item.
04-29-2022 @ 07:16:49 - Row :314 - Parsing failed. Reason: Invalid product type dispenser bawah
04-29-2022 @ 07:16:49 - Row :315 - Parsing item.
04-29-2022 @ 07:16:49 - Row :315 - Parsing failed. Reason: Invalid product type dish dryer
04-29-2022 @ 07:16:49 - Row :316 - Parsing item.
04-29-2022 @ 07:16:49 - Row :316 - Parsing failed. Reason: Invalid product type showcase
04-29-2022 @ 07:16:49 - Row :317 - Parsing item.
04-29-2022 @ 07:16:49 - Row :317 - Parsing failed. Reason: Invalid product type speaker aktif
04-29-2022 @ 07:16:49 - Row :318 - Parsing item.
04-29-2022 @ 07:16:49 - Row :318 - Parsing failed. Reason: Invalid product type speaker aktif
04-29-2022 @ 07:16:49 - Row :319 - Parsing item.
04-29-2022 @ 07:16:49 - Row :319 - Parsing failed. Reason: Invalid product type speaker aktif
04-29-2022 @ 07:16:49 - Row :320 - Parsing item.
04-29-2022 @ 07:16:49 - Row :320 - Parsing failed. Reason: Invalid product type speaker aktif
04-29-2022 @ 07:16:50 - Preparing for import.
04-29-2022 @ 07:16:50 - Row :321 - Parsing item.
04-29-2022 @ 07:16:50 - Row :321 - Parsing failed. Reason: Invalid product type 2 tabung
04-29-2022 @ 07:16:50 - Row :322 - Parsing item.
04-29-2022 @ 07:16:50 - Row :322 - Parsing failed. Reason: Invalid product type 2 pintu inverter
04-29-2022 @ 07:16:50 - Row :323 - Parsing item.
04-29-2022 @ 07:16:50 - Row :323 - Parsing failed. Reason: Invalid product type 2 pintu inverter
04-29-2022 @ 07:16:50 - Row :324 - Parsing item.
04-29-2022 @ 07:16:50 - Row :324 - Parsing failed. Reason: Invalid product type 2 pintu
04-29-2022 @ 07:16:50 - Row :325 - Parsing item.
04-29-2022 @ 07:16:50 - Row :325 - Parsing failed. Reason: Invalid product type 2 pintu
04-29-2022 @ 07:16:50 - Row :326 - Parsing item.
04-29-2022 @ 07:16:50 - Row :326 - Parsing failed. Reason: Invalid product type 1 pintu
04-29-2022 @ 07:16:50 - Row :327 - Parsing item.
04-29-2022 @ 07:16:50 - Row :327 - Parsing failed. Reason: Invalid product type 1 pintu
04-29-2022 @ 07:16:50 - Row :328 - Parsing item.
04-29-2022 @ 07:16:50 - Row :328 - Parsing failed. Reason: Invalid product type 50 inch smart tv
04-29-2022 @ 07:16:50 - Row :329 - Parsing item.
04-29-2022 @ 07:16:50 - Row :329 - Parsing failed. Reason: Invalid product type 55 inch android tv
04-29-2022 @ 07:16:50 - Row :330 - Parsing item.
04-29-2022 @ 07:16:50 - Row :330 - Parsing failed. Reason: Invalid product type 55 inch android tv
04-29-2022 @ 07:16:51 - Preparing for import.
04-29-2022 @ 07:16:51 - Row :331 - Parsing item.
04-29-2022 @ 07:16:51 - Row :331 - Parsing failed. Reason: Invalid product type 1 tabung top loading
04-29-2022 @ 07:16:51 - Row :332 - Parsing item.
04-29-2022 @ 07:16:51 - Row :332 - Parsing failed. Reason: Invalid product type 1 tabung top loading
04-29-2022 @ 07:16:51 - Row :333 - Parsing item.
04-29-2022 @ 07:16:51 - Row :333 - Parsing failed. Reason: Invalid product type 2 pintu
04-29-2022 @ 07:16:51 - Row :334 - Parsing item.
04-29-2022 @ 07:16:51 - Row :334 - Parsing failed. Reason: Invalid product type microwave
04-29-2022 @ 07:16:51 - Row :335 - Parsing item.
04-29-2022 @ 07:16:51 - Row :335 - Parsing failed. Reason: Invalid product type catokan
04-29-2022 @ 07:16:51 - Row :336 - Parsing item.
04-29-2022 @ 07:16:51 - Row :336 - Parsing failed. Reason: Invalid product type air purifier mobil
04-29-2022 @ 07:16:51 - Row :337 - Parsing item.
04-29-2022 @ 07:16:51 - Row :337 - Parsing failed. Reason: Invalid product type air cooler
04-29-2022 @ 07:16:51 - Row :338 - Parsing item.
04-29-2022 @ 07:16:51 - Row :338 - Parsing failed. Reason: Invalid product type antena digital
04-29-2022 @ 07:16:51 - Row :339 - Parsing item.
04-29-2022 @ 07:16:51 - Row :339 - Parsing failed. Reason: Invalid product type antena
04-29-2022 @ 07:16:51 - Row :340 - Parsing item.
04-29-2022 @ 07:16:51 - Row :340 - Parsing failed. Reason: Invalid product type 2 pintu
04-29-2022 @ 07:16:52 - Preparing for import.
04-29-2022 @ 07:16:52 - Row :341 - Parsing item.
04-29-2022 @ 07:16:52 - Row :341 - Parsing failed. Reason: Invalid product type coffee maker
04-29-2022 @ 07:16:52 - Row :342 - Parsing item.
04-29-2022 @ 07:16:52 - Row :342 - Parsing failed. Reason: Invalid product type wall desk stand (wadesta)
04-29-2022 @ 07:16:52 - Row :343 - Parsing item.
04-29-2022 @ 07:16:52 - Row :343 - Parsing failed. Reason: Invalid product type speaker aktif
04-29-2022 @ 07:16:52 - Row :344 - Parsing item.
04-29-2022 @ 07:16:52 - Row :344 - Parsing failed. Reason: Invalid product type 1 pintu
04-29-2022 @ 07:16:52 - Row :345 - Parsing item.
04-29-2022 @ 07:16:52 - Row :345 - Parsing failed. Reason: Invalid product type 2 tabung
04-29-2022 @ 07:16:52 - Row :346 - Parsing item.
04-29-2022 @ 07:16:52 - Row :346 - Parsing failed. Reason: Invalid product type 2 tabung
04-29-2022 @ 07:16:52 - Row :347 - Parsing item.
04-29-2022 @ 07:16:52 - Row :347 - Parsing failed. Reason: Invalid product type 1/2 pk
04-29-2022 @ 07:16:52 - Row :348 - Parsing item.
04-29-2022 @ 07:16:52 - Row :348 - Parsing failed. Reason: Invalid product type 1 pk
04-29-2022 @ 07:16:52 - Row :349 - Parsing item.
04-29-2022 @ 07:16:52 - Row :349 - Parsing failed. Reason: Invalid product type 1/2 pk
04-29-2022 @ 07:16:52 - Row :350 - Parsing item.
04-29-2022 @ 07:16:52 - Row :350 - Parsing failed. Reason: Invalid product type 1 pk
04-29-2022 @ 07:16:52 - Preparing for import.
04-29-2022 @ 07:16:52 - Row :351 - Parsing item.
04-29-2022 @ 07:16:52 - Row :351 - Parsing failed. Reason: Invalid product type 2 pintu
04-29-2022 @ 07:16:52 - Row :352 - Parsing item.
04-29-2022 @ 07:16:52 - Row :352 - Parsing failed. Reason: Invalid product type galon bawah
04-29-2022 @ 07:16:52 - Row :353 - Parsing item.
04-29-2022 @ 07:16:52 - Row :353 - Parsing failed. Reason: Invalid product type galon bawah
04-29-2022 @ 07:16:52 - Row :354 - Parsing item.
04-29-2022 @ 07:16:52 - Row :354 - Parsing failed. Reason: Invalid product type chest freezer
04-29-2022 @ 07:16:52 - Row :355 - Parsing item.
04-29-2022 @ 07:16:52 - Row :355 - Parsing failed. Reason: Invalid product type 1 tabung top loading
04-29-2022 @ 07:16:52 - Row :356 - Parsing item.
04-29-2022 @ 07:16:52 - Row :356 - Parsing failed. Reason: Invalid product type 2 tabung
04-29-2022 @ 07:16:52 - Row :357 - Parsing item.
04-29-2022 @ 07:16:52 - Row :357 - Parsing failed. Reason: Invalid product type 2 tabung
04-29-2022 @ 07:16:52 - Row :358 - Parsing item.
04-29-2022 @ 07:16:52 - Row :358 - Parsing failed. Reason: Invalid product type 1 tabung top loading
04-29-2022 @ 07:16:52 - Row :359 - Parsing item.
04-29-2022 @ 07:16:52 - Row :359 - Parsing failed. Reason: Invalid product type 1 tabung top loading
04-29-2022 @ 07:16:52 - Row :360 - Parsing item.
04-29-2022 @ 07:16:52 - Row :360 - Parsing failed. Reason: Invalid product type 1 pintu
04-29-2022 @ 07:16:53 - Preparing for import.
04-29-2022 @ 07:16:53 - Row :361 - Parsing item.
04-29-2022 @ 07:16:53 - Row :361 - Parsing failed. Reason: Invalid product type 1 pintu
04-29-2022 @ 07:16:53 - Row :362 - Parsing item.
04-29-2022 @ 07:16:53 - Row :362 - Parsing failed. Reason: Invalid product type 1 pintu
04-29-2022 @ 07:16:53 - Row :363 - Parsing item.
04-29-2022 @ 07:16:53 - Row :363 - Parsing failed. Reason: Invalid product type 1 pintu
04-29-2022 @ 07:16:53 - Row :364 - Parsing item.
04-29-2022 @ 07:16:53 - Row :364 - Parsing failed. Reason: Invalid product type 2 tabung
04-29-2022 @ 07:16:53 - Row :365 - Parsing item.
04-29-2022 @ 07:16:53 - Row :365 - Parsing failed. Reason: Invalid product type 2 tabung
04-29-2022 @ 07:16:53 - Row :366 - Parsing item.
04-29-2022 @ 07:16:53 - Row :366 - Parsing failed. Reason: Invalid product type 2 tabung
04-29-2022 @ 07:16:53 - Row :367 - Parsing item.
04-29-2022 @ 07:16:53 - Row :367 - Parsing failed. Reason: Invalid product type 43 inch android tv
04-29-2022 @ 07:16:53 - Row :368 - Parsing item.
04-29-2022 @ 07:16:53 - Row :368 - Parsing failed. Reason: Invalid product type 40 inch android tv
04-29-2022 @ 07:16:53 - Row :369 - Parsing item.
04-29-2022 @ 07:16:53 - Row :369 - Parsing failed. Reason: Invalid product type front loading
04-29-2022 @ 07:16:53 - Row :370 - Parsing item.
04-29-2022 @ 07:16:53 - Row :370 - Parsing failed. Reason: Invalid product type set top box
04-29-2022 @ 07:16:54 - Preparing for import.
04-29-2022 @ 07:16:54 - Row :371 - Parsing item.
04-29-2022 @ 07:16:54 - Row :371 - Parsing failed. Reason: Invalid product type front loading
04-29-2022 @ 07:16:54 - ---[ Import ended at 2022-04-29 07:16:54]---
