04-29-2022 @ 07:56:11 - ---[ New import started at 2022-04-29 07:56:11 ] PHP Memory: 512 MB, WP Memory: 40 MB
04-29-2022 @ 07:56:11 - Preparing for import.
04-29-2022 @ 07:56:11 - Row :1 - Parsing item.
04-29-2022 @ 07:56:11 - Importing as new product ID:785
04-29-2022 @ 07:56:11 - Row :1 - Processing item.
04-29-2022 @ 07:56:11 - Found simple product object. ID:785
04-29-2022 @ 07:56:11 - Setting Featured Image. URL:["https://ik.imagekit.io/eropa/products/LED_LG_32LM635_V5bCdBPnR.png?updatedAt=1631598512001","https://ik.imagekit.io/eropa/products/32lm635_2_NX8wSJrQU.png?updatedAt=1631614231543","https://ik.imagekit.io/eropa/products/32lm635_3_DVl7vvCrG.png?updatedAt=1631614231142"]
04-29-2022 @ 07:56:11 - URL:["https://ik.imagekit.io/eropa/products/LED_LG_32LM635_V5bCdBPnR.png?updatedAt=1631598512001","https://ik.imagekit.io/eropa/products/32lm635_2_NX8wSJrQU.png?updatedAt=1631614231543","https://ik.imagekit.io/eropa/products/32lm635_3_DVl7vvCrG.png?updatedAt=1631614231142"] Reason:Error getting remote image . Error: Invalid URL Provided.
04-29-2022 @ 07:56:12 - Row :1 - Product imported successfully.
04-29-2022 @ 07:56:12 - Row :2 - Parsing item.
04-29-2022 @ 07:56:12 - Importing as new product ID:786
04-29-2022 @ 07:56:12 - Row :2 - Processing item.
04-29-2022 @ 07:56:12 - Found simple product object. ID:786
04-29-2022 @ 07:56:12 - Setting Featured Image. URL:["https://ik.imagekit.io/eropa/products/LED_SAMSUNG_32N4001AK_YqqQdSeMS.png?updatedAt=1631599230502","https://ik.imagekit.io/eropa/products/32n4001_2._M6binF2T4.png?updatedAt=1631613828081","https://ik.imagekit.io/eropa/products/32n4001_3_VEV4xMeam.png?updatedAt=1631613827581"]
04-29-2022 @ 07:56:12 - URL:["https://ik.imagekit.io/eropa/products/LED_SAMSUNG_32N4001AK_YqqQdSeMS.png?updatedAt=1631599230502","https://ik.imagekit.io/eropa/products/32n4001_2._M6binF2T4.png?updatedAt=1631613828081","https://ik.imagekit.io/eropa/products/32n4001_3_VEV4xMeam.png?updatedAt=1631613827581"] Reason:Error getting remote image . Error: Invalid URL Provided.
04-29-2022 @ 07:56:12 - Row :2 - Product imported successfully.
04-29-2022 @ 07:56:12 - Row :3 - Parsing item.
04-29-2022 @ 07:56:12 - Importing as new product ID:787
04-29-2022 @ 07:56:12 - Row :3 - Processing item.
04-29-2022 @ 07:56:12 - Found simple product object. ID:787
04-29-2022 @ 07:56:12 - Setting Featured Image. URL:["https://ik.imagekit.io/eropa/products/LED_POLYTRON_PLD43AG9953_Pk1TAIpbC.png?updatedAt=1631600026186","https://ik.imagekit.io/eropa/products/ag9953_3_qz3wtRrugvg.jpg?updatedAt=1631605618905","https://ik.imagekit.io/eropa/products/ag99532_qJneiNZNm.jpg?updatedAt=1631605620268"]
04-29-2022 @ 07:56:12 - URL:["https://ik.imagekit.io/eropa/products/LED_POLYTRON_PLD43AG9953_Pk1TAIpbC.png?updatedAt=1631600026186","https://ik.imagekit.io/eropa/products/ag9953_3_qz3wtRrugvg.jpg?updatedAt=1631605618905","https://ik.imagekit.io/eropa/products/ag99532_qJneiNZNm.jpg?updatedAt=1631605620268"] Reason:Error getting remote image . Error: Invalid URL Provided.
04-29-2022 @ 07:56:13 - Row :3 - Product imported successfully.
04-29-2022 @ 07:56:13 - Row :4 - Parsing item.
04-29-2022 @ 07:56:13 - Importing as new product ID:788
04-29-2022 @ 07:56:13 - Row :4 - Processing item.
04-29-2022 @ 07:56:13 - Found simple product object. ID:788
04-29-2022 @ 07:56:13 - Setting Featured Image. URL:["https://ik.imagekit.io/eropa/products/LED_SHARP_2T-C32BG1I_onlU6bA6Z.png?updatedAt=1631600600722","https://ik.imagekit.io/eropa/products/2TC32BG1X_2_KFkqYoH0f.jpg?updatedAt=1631605110406","https://ik.imagekit.io/eropa/products/2TC32BG1X_3_-csA24814z0.jpg?updatedAt=1631605109564","https://ik.imagekit.io/eropa/products/2TC32BG1X_4_5PLkxhZ6i.jpg?updatedAt=1631605108928"]
04-29-2022 @ 07:56:13 - URL:["https://ik.imagekit.io/eropa/products/LED_SHARP_2T-C32BG1I_onlU6bA6Z.png?updatedAt=1631600600722","https://ik.imagekit.io/eropa/products/2TC32BG1X_2_KFkqYoH0f.jpg?updatedAt=1631605110406","https://ik.imagekit.io/eropa/products/2TC32BG1X_3_-csA24814z0.jpg?updatedAt=1631605109564","https://ik.imagekit.io/eropa/products/2TC32BG1X_4_5PLkxhZ6i.jpg?updatedAt=1631605108928"] Reason:Error getting remote image . Error: Invalid URL Provided.
04-29-2022 @ 07:56:13 - Row :4 - Product imported successfully.
04-29-2022 @ 07:56:13 - Row :5 - Parsing item.
04-29-2022 @ 07:56:13 - Importing as new product ID:789
04-29-2022 @ 07:56:13 - Row :5 - Processing item.
04-29-2022 @ 07:56:13 - Found simple product object. ID:789
04-29-2022 @ 07:56:13 - Setting Featured Image. URL:["https://ik.imagekit.io/eropa/products/LED_POLYTRON_PLD24D8511__iQFBRldwM.png?updatedAt=1631616342001","https://ik.imagekit.io/eropa/products/24d8511_VEf9Cl8pJ.jpg?updatedAt=1631616341462"]
04-29-2022 @ 07:56:13 - URL:["https://ik.imagekit.io/eropa/products/LED_POLYTRON_PLD24D8511__iQFBRldwM.png?updatedAt=1631616342001","https://ik.imagekit.io/eropa/products/24d8511_VEf9Cl8pJ.jpg?updatedAt=1631616341462"] Reason:Error getting remote image . Error: Invalid URL Provided.
04-29-2022 @ 07:56:13 - Row :5 - Product imported successfully.
04-29-2022 @ 07:56:13 - Row :6 - Parsing item.
04-29-2022 @ 07:56:13 - Importing as new product ID:790
04-29-2022 @ 07:56:13 - Row :6 - Processing item.
04-29-2022 @ 07:56:13 - Found simple product object. ID:790
04-29-2022 @ 07:56:13 - Setting Featured Image. URL:["https://ik.imagekit.io/eropa/products/LED_SHARP_LC32SA4500__AFRbILqO.png?updatedAt=1631617965686","https://ik.imagekit.io/eropa/products/LC32SA4500Ismart_4_CHlyarDXJ.png?updatedAt=1631617869511","https://ik.imagekit.io/eropa/products/LC32SA4500Ismart_3_6EAFX8CBV.png?updatedAt=1631617868700","https://ik.imagekit.io/eropa/products/LC32SA4500Ismart_2_NQt2sYn17.png?updatedAt=1631617867967"]
04-29-2022 @ 07:56:13 - URL:["https://ik.imagekit.io/eropa/products/LED_SHARP_LC32SA4500__AFRbILqO.png?updatedAt=1631617965686","https://ik.imagekit.io/eropa/products/LC32SA4500Ismart_4_CHlyarDXJ.png?updatedAt=1631617869511","https://ik.imagekit.io/eropa/products/LC32SA4500Ismart_3_6EAFX8CBV.png?updatedAt=1631617868700","https://ik.imagekit.io/eropa/products/LC32SA4500Ismart_2_NQt2sYn17.png?updatedAt=1631617867967"] Reason:Error getting remote image . Error: Invalid URL Provided.
04-29-2022 @ 07:56:14 - Row :6 - Product imported successfully.
04-29-2022 @ 07:56:14 - Row :7 - Parsing item.
04-29-2022 @ 07:56:14 - Importing as new product ID:791
04-29-2022 @ 07:56:14 - Row :7 - Processing item.
04-29-2022 @ 07:56:14 - Found simple product object. ID:791
04-29-2022 @ 07:56:14 - Setting Featured Image. URL:["https://ik.imagekit.io/eropa/products/Kulkas_AQUA_AQRD190LB_l-Fwh0I8c.png?updatedAt=1631623316133","https://ik.imagekit.io/eropa/products/190lb_2_wkqGplp30.png?updatedAt=1631623350664"]
04-29-2022 @ 07:56:14 - URL:["https://ik.imagekit.io/eropa/products/Kulkas_AQUA_AQRD190LB_l-Fwh0I8c.png?updatedAt=1631623316133","https://ik.imagekit.io/eropa/products/190lb_2_wkqGplp30.png?updatedAt=1631623350664"] Reason:Error getting remote image . Error: Invalid URL Provided.
04-29-2022 @ 07:56:14 - Row :7 - Product imported successfully.
04-29-2022 @ 07:56:14 - Row :8 - Parsing item.
04-29-2022 @ 07:56:14 - Importing as new product ID:792
04-29-2022 @ 07:56:14 - Row :8 - Processing item.
04-29-2022 @ 07:56:14 - Found simple product object. ID:792
04-29-2022 @ 07:56:14 - Setting Featured Image. URL:["https://ik.imagekit.io/eropa/products/Kulkas_LG_GNB195SQ-MT_cNyEIIXpm.png?updatedAt=1631626643020","https://ik.imagekit.io/eropa/products/Kulkas_LG_GNB195SQ-MT_hXwPnXYFo.png?updatedAt=1631626643194"]
04-29-2022 @ 07:56:14 - URL:["https://ik.imagekit.io/eropa/products/Kulkas_LG_GNB195SQ-MT_cNyEIIXpm.png?updatedAt=1631626643020","https://ik.imagekit.io/eropa/products/Kulkas_LG_GNB195SQ-MT_hXwPnXYFo.png?updatedAt=1631626643194"] Reason:Error getting remote image . Error: Invalid URL Provided.
04-29-2022 @ 07:56:15 - Row :8 - Product imported successfully.
04-29-2022 @ 07:56:15 - Row :9 - Parsing item.
04-29-2022 @ 07:56:15 - Importing as new product ID:793
04-29-2022 @ 07:56:15 - Row :9 - Processing item.
04-29-2022 @ 07:56:15 - Found simple product object. ID:793
04-29-2022 @ 07:56:15 - Setting Featured Image. URL:["https://ik.imagekit.io/eropa/products/Kulkas_POLYTRON_PRB289B_hwbES19uS8e.png?updatedAt=1631627883681","https://ik.imagekit.io/eropa/products/289b_2_BTiohDCs8.png?updatedAt=1631627884253"]
04-29-2022 @ 07:56:15 - URL:["https://ik.imagekit.io/eropa/products/Kulkas_POLYTRON_PRB289B_hwbES19uS8e.png?updatedAt=1631627883681","https://ik.imagekit.io/eropa/products/289b_2_BTiohDCs8.png?updatedAt=1631627884253"] Reason:Error getting remote image . Error: Invalid URL Provided.
04-29-2022 @ 07:56:16 - Row :9 - Product imported successfully.
04-29-2022 @ 07:56:16 - Row :10 - Parsing item.
04-29-2022 @ 07:56:16 - Importing as new product ID:794
04-29-2022 @ 07:56:16 - Row :10 - Processing item.
04-29-2022 @ 07:56:16 - Found simple product object. ID:794
04-29-2022 @ 07:56:16 - Setting Featured Image. URL:["https://ik.imagekit.io/eropa/products/Kulkas_SHARP_SJN162DSH_BntIpo9A7.png?updatedAt=1631628939302","https://ik.imagekit.io/eropa/products/162dsp-removebg-preview_T04iibcte.png?updatedAt=1631628938836"]
04-29-2022 @ 07:56:16 - URL:["https://ik.imagekit.io/eropa/products/Kulkas_SHARP_SJN162DSH_BntIpo9A7.png?updatedAt=1631628939302","https://ik.imagekit.io/eropa/products/162dsp-removebg-preview_T04iibcte.png?updatedAt=1631628938836"] Reason:Error getting remote image . Error: Invalid URL Provided.
04-29-2022 @ 07:56:16 - Row :10 - Product imported successfully.
04-29-2022 @ 07:56:17 - Preparing for import.
04-29-2022 @ 07:56:17 - Row :11 - Parsing item.
04-29-2022 @ 07:56:17 - Importing as new product ID:795
04-29-2022 @ 07:56:17 - Row :11 - Processing item.
04-29-2022 @ 07:56:17 - Found simple product object. ID:795
04-29-2022 @ 07:56:17 - Setting Featured Image. URL:["https://ik.imagekit.io/eropa/products/Kulkas_POLYTRON_PRS460B_SBS__e6DfMnBuH.png?updatedAt=1631630720294","https://ik.imagekit.io/eropa/products/Kulkas_POLYTRON_PRS460B_SBS__2_gTllCH9y8.png?updatedAt=1631630721674","https://ik.imagekit.io/eropa/products/Kulkas_POLYTRON_PRS460B_SBS__3_V0KeY-khY.png?updatedAt=1631630720841"]
04-29-2022 @ 07:56:17 - URL:["https://ik.imagekit.io/eropa/products/Kulkas_POLYTRON_PRS460B_SBS__e6DfMnBuH.png?updatedAt=1631630720294","https://ik.imagekit.io/eropa/products/Kulkas_POLYTRON_PRS460B_SBS__2_gTllCH9y8.png?updatedAt=1631630721674","https://ik.imagekit.io/eropa/products/Kulkas_POLYTRON_PRS460B_SBS__3_V0KeY-khY.png?updatedAt=1631630720841"] Reason:Error getting remote image . Error: Invalid URL Provided.
04-29-2022 @ 07:56:18 - Row :11 - Product imported successfully.
04-29-2022 @ 07:56:18 - Row :12 - Parsing item.
04-29-2022 @ 07:56:18 - Importing as new product ID:796
04-29-2022 @ 07:56:18 - Row :12 - Processing item.
04-29-2022 @ 07:56:18 - Found simple product object. ID:796
04-29-2022 @ 07:56:18 - Setting Featured Image. URL:["https://ik.imagekit.io/eropa/products/Nr_bb231q_s_pk_lBAJs89kT.png?updatedAt=1631631677066","https://ik.imagekit.io/eropa/products/panasonic_bb231q-removebg-preview_1__EmheFGX-c.png?updatedAt=1631631777134"]
04-29-2022 @ 07:56:18 - URL:["https://ik.imagekit.io/eropa/products/Nr_bb231q_s_pk_lBAJs89kT.png?updatedAt=1631631677066","https://ik.imagekit.io/eropa/products/panasonic_bb231q-removebg-preview_1__EmheFGX-c.png?updatedAt=1631631777134"] Reason:Error getting remote image . Error: Invalid URL Provided.
04-29-2022 @ 07:56:19 - Row :12 - Product imported successfully.
04-29-2022 @ 07:56:19 - Row :13 - Parsing item.
04-29-2022 @ 07:56:19 - Importing as new product ID:797
04-29-2022 @ 07:56:19 - Row :13 - Processing item.
04-29-2022 @ 07:56:19 - Found simple product object. ID:797
04-29-2022 @ 07:56:19 - Setting Featured Image. URL:["https://ik.imagekit.io/eropa/products/Kompor_RINNAI_RI301S_TtefIY6Vu.png?updatedAt=1631635614701","https://ik.imagekit.io/eropa/products/Kompor_RINNAI_RI301S_2_GVyF76kqV.png?updatedAt=1631635678799"]
04-29-2022 @ 07:56:19 - URL:["https://ik.imagekit.io/eropa/products/Kompor_RINNAI_RI301S_TtefIY6Vu.png?updatedAt=1631635614701","https://ik.imagekit.io/eropa/products/Kompor_RINNAI_RI301S_2_GVyF76kqV.png?updatedAt=1631635678799"] Reason:Error getting remote image . Error: Invalid URL Provided.
04-29-2022 @ 07:56:19 - Row :13 - Product imported successfully.
04-29-2022 @ 07:56:19 - Row :14 - Parsing item.
04-29-2022 @ 07:56:19 - Importing as new product ID:798
04-29-2022 @ 07:56:19 - Row :14 - Processing item.
04-29-2022 @ 07:56:19 - Found simple product object. ID:798
04-29-2022 @ 07:56:19 - Setting Featured Image. URL:["https://ik.imagekit.io/eropa/products/Kompor_RINNAI_RI522S_oEMCOIBhg.png?updatedAt=1631636325760","https://ik.imagekit.io/eropa/products/Kompor_RINNAI_RI522S_2_nDuTUOChn.png?updatedAt=1631636407237"]
04-29-2022 @ 07:56:19 - URL:["https://ik.imagekit.io/eropa/products/Kompor_RINNAI_RI522S_oEMCOIBhg.png?updatedAt=1631636325760","https://ik.imagekit.io/eropa/products/Kompor_RINNAI_RI522S_2_nDuTUOChn.png?updatedAt=1631636407237"] Reason:Error getting remote image . Error: Invalid URL Provided.
04-29-2022 @ 07:56:20 - Row :14 - Product imported successfully.
04-29-2022 @ 07:56:20 - Row :15 - Parsing item.
04-29-2022 @ 07:56:20 - Importing as new product ID:799
04-29-2022 @ 07:56:20 - Row :15 - Processing item.
04-29-2022 @ 07:56:20 - Found simple product object. ID:799
04-29-2022 @ 07:56:20 - Setting Featured Image. URL:["https://ik.imagekit.io/eropa/products/Kompor_Gas_MIYAKO_KG201C_dk8r3PbJs.png?updatedAt=1631636500964","https://ik.imagekit.io/eropa/products/Kompor_Gas_MIYAKO_KG201C_4_SViMakAgv.png?updatedAt=1631636501452","https://ik.imagekit.io/eropa/products/Kompor_Gas_MIYAKO_KG201C_3_1MilEXnEm.png?updatedAt=1631636502446"]
04-29-2022 @ 07:56:20 - URL:["https://ik.imagekit.io/eropa/products/Kompor_Gas_MIYAKO_KG201C_dk8r3PbJs.png?updatedAt=1631636500964","https://ik.imagekit.io/eropa/products/Kompor_Gas_MIYAKO_KG201C_4_SViMakAgv.png?updatedAt=1631636501452","https://ik.imagekit.io/eropa/products/Kompor_Gas_MIYAKO_KG201C_3_1MilEXnEm.png?updatedAt=1631636502446"] Reason:Error getting remote image . Error: Invalid URL Provided.
04-29-2022 @ 07:56:21 - Row :15 - Product imported successfully.
04-29-2022 @ 07:56:21 - Row :16 - Parsing item.
04-29-2022 @ 07:56:21 - Importing as new product ID:800
04-29-2022 @ 07:56:21 - Row :16 - Processing item.
04-29-2022 @ 07:56:21 - Found simple product object. ID:800
04-29-2022 @ 07:56:21 - Setting Featured Image. URL:["https://ik.imagekit.io/eropa/products/Kompor_RINNAI_RI511A_sbHECnI_S.png?updatedAt=1631637043221","https://ik.imagekit.io/eropa/products/Kompor_RINNAI_RI511A_2_SVARIa5LP.png?updatedAt=1631637347893"]
04-29-2022 @ 07:56:21 - URL:["https://ik.imagekit.io/eropa/products/Kompor_RINNAI_RI511A_sbHECnI_S.png?updatedAt=1631637043221","https://ik.imagekit.io/eropa/products/Kompor_RINNAI_RI511A_2_SVARIa5LP.png?updatedAt=1631637347893"] Reason:Error getting remote image . Error: Invalid URL Provided.
04-29-2022 @ 07:56:21 - Row :16 - Product imported successfully.
04-29-2022 @ 07:56:21 - Row :17 - Parsing item.
04-29-2022 @ 07:56:21 - Importing as new product ID:801
04-29-2022 @ 07:56:21 - Row :17 - Processing item.
04-29-2022 @ 07:56:21 - Found simple product object. ID:801
04-29-2022 @ 07:56:21 - Setting Featured Image. URL:["https://ik.imagekit.io/eropa/products/Kompor_RINNAI_RI522E_pDMTmbMrO.png?updatedAt=1631637519275"]
04-29-2022 @ 07:56:21 - URL:["https://ik.imagekit.io/eropa/products/Kompor_RINNAI_RI522E_pDMTmbMrO.png?updatedAt=1631637519275"] Reason:Error getting remote image . Error: Invalid URL Provided.
04-29-2022 @ 07:56:21 - Row :17 - Product imported successfully.
04-29-2022 @ 07:56:21 - Row :18 - Parsing item.
04-29-2022 @ 07:56:21 - Importing as new product ID:802
04-29-2022 @ 07:56:21 - Row :18 - Processing item.
04-29-2022 @ 07:56:21 - Found simple product object. ID:802
04-29-2022 @ 07:56:21 - Setting Featured Image. URL:["https://ik.imagekit.io/eropa/products/Kompor_RINNAI_RI712BGX_PEcjI_-gJ.png?updatedAt=1631638122091","https://ik.imagekit.io/eropa/products/Kompor_RINNAI_RI712BGX_2_YNsT9rKnX.png?updatedAt=1631638196961"]
04-29-2022 @ 07:56:21 - URL:["https://ik.imagekit.io/eropa/products/Kompor_RINNAI_RI712BGX_PEcjI_-gJ.png?updatedAt=1631638122091","https://ik.imagekit.io/eropa/products/Kompor_RINNAI_RI712BGX_2_YNsT9rKnX.png?updatedAt=1631638196961"] Reason:Error getting remote image . Error: Invalid URL Provided.
04-29-2022 @ 07:56:22 - Row :18 - Product imported successfully.
04-29-2022 @ 07:56:22 - Row :19 - Parsing item.
04-29-2022 @ 07:56:22 - Importing as new product ID:803
04-29-2022 @ 07:56:22 - Row :19 - Processing item.
04-29-2022 @ 07:56:22 - Found simple product object. ID:803
04-29-2022 @ 07:56:22 - Setting Featured Image. URL:["https://ik.imagekit.io/eropa/products/Water_Heater_MODENA_ES10CS_NVAviO91B.png?updatedAt=1631639582856","https://ik.imagekit.io/eropa/products/modena_10cs_DgG4FDTip.png?updatedAt=1631639583253"]
04-29-2022 @ 07:56:22 - URL:["https://ik.imagekit.io/eropa/products/Water_Heater_MODENA_ES10CS_NVAviO91B.png?updatedAt=1631639582856","https://ik.imagekit.io/eropa/products/modena_10cs_DgG4FDTip.png?updatedAt=1631639583253"] Reason:Error getting remote image . Error: Invalid URL Provided.
04-29-2022 @ 07:56:22 - Row :19 - Product imported successfully.
04-29-2022 @ 07:56:22 - Row :20 - Parsing item.
04-29-2022 @ 07:56:22 - Importing as new product ID:804
04-29-2022 @ 07:56:22 - Row :20 - Processing item.
04-29-2022 @ 07:56:22 - Found simple product object. ID:804
04-29-2022 @ 07:56:22 - Setting Featured Image. URL:["https://ik.imagekit.io/eropa/products/Water_Heater_MODENA_ES15CS_4smNWI9Tf.png?updatedAt=1631640009676","https://ik.imagekit.io/eropa/products/modena_15_cs_yqTh3Vo0_.png?updatedAt=1631640010180"]
04-29-2022 @ 07:56:22 - URL:["https://ik.imagekit.io/eropa/products/Water_Heater_MODENA_ES15CS_4smNWI9Tf.png?updatedAt=1631640009676","https://ik.imagekit.io/eropa/products/modena_15_cs_yqTh3Vo0_.png?updatedAt=1631640010180"] Reason:Error getting remote image . Error: Invalid URL Provided.
04-29-2022 @ 07:56:22 - Row :20 - Product imported successfully.
04-29-2022 @ 07:56:23 - Preparing for import.
04-29-2022 @ 07:56:23 - Row :21 - Parsing item.
04-29-2022 @ 07:56:24 - Importing as new product ID:805
04-29-2022 @ 07:56:24 - Row :21 - Processing item.
04-29-2022 @ 07:56:24 - Found simple product object. ID:805
04-29-2022 @ 07:56:24 - Setting Featured Image. URL:["https://ik.imagekit.io/eropa/products/SHARP_VACUUM_CLEANER_EC-CW60_cJjT0yTvB.png?updatedAt=1631674106710","https://ik.imagekit.io/eropa/products/Vacuum_SHARP_EC_CW60_2_JWdvB5OkPCv.png?updatedAt=1631674105857","https://ik.imagekit.io/eropa/products/Vacuum_SHARP_EC_CW60_3_yd_Dokgpf.png?updatedAt=1631674105678"]
04-29-2022 @ 07:56:24 - URL:["https://ik.imagekit.io/eropa/products/SHARP_VACUUM_CLEANER_EC-CW60_cJjT0yTvB.png?updatedAt=1631674106710","https://ik.imagekit.io/eropa/products/Vacuum_SHARP_EC_CW60_2_JWdvB5OkPCv.png?updatedAt=1631674105857","https://ik.imagekit.io/eropa/products/Vacuum_SHARP_EC_CW60_3_yd_Dokgpf.png?updatedAt=1631674105678"] Reason:Error getting remote image . Error: Invalid URL Provided.
04-29-2022 @ 07:56:24 - Row :21 - Product imported successfully.
04-29-2022 @ 07:56:24 - Row :22 - Parsing item.
04-29-2022 @ 07:56:24 - Importing as new product ID:806
04-29-2022 @ 07:56:25 - Row :22 - Processing item.
04-29-2022 @ 07:56:25 - Found simple product object. ID:806
04-29-2022 @ 07:56:25 - Setting Featured Image. URL:["https://ik.imagekit.io/eropa/products/Vacuum_MODENA_VC2125_VcFR0N0Me.png?updatedAt=1631675727386","https://ik.imagekit.io/eropa/products/Vacuum_MODENA_VC2125_3_4rw2RaL9wsr.png?updatedAt=1631675726628","https://ik.imagekit.io/eropa/products/Vacuum_MODENA_VC2125_2_eiO_vUxHa.png?updatedAt=1631675726228"]
04-29-2022 @ 07:56:25 - URL:["https://ik.imagekit.io/eropa/products/Vacuum_MODENA_VC2125_VcFR0N0Me.png?updatedAt=1631675727386","https://ik.imagekit.io/eropa/products/Vacuum_MODENA_VC2125_3_4rw2RaL9wsr.png?updatedAt=1631675726628","https://ik.imagekit.io/eropa/products/Vacuum_MODENA_VC2125_2_eiO_vUxHa.png?updatedAt=1631675726228"] Reason:Error getting remote image . Error: Invalid URL Provided.
04-29-2022 @ 07:56:25 - Row :22 - Product imported successfully.
04-29-2022 @ 07:56:25 - Row :23 - Parsing item.
04-29-2022 @ 07:56:25 - Importing as new product ID:807
04-29-2022 @ 07:56:25 - Row :23 - Processing item.
04-29-2022 @ 07:56:25 - Found simple product object. ID:807
04-29-2022 @ 07:56:25 - Setting Featured Image. URL:["https://ik.imagekit.io/eropa/products/Air_Purifyer_POLYTRON_PAP160_MguYX78-7.png?updatedAt=1631762946585","https://ik.imagekit.io/eropa/products/Air_Purifyer_POLYTRON_PAP160_3_0Vs0JIvLXJe.png?updatedAt=1631762947029"]
04-29-2022 @ 07:56:25 - URL:["https://ik.imagekit.io/eropa/products/Air_Purifyer_POLYTRON_PAP160_MguYX78-7.png?updatedAt=1631762946585","https://ik.imagekit.io/eropa/products/Air_Purifyer_POLYTRON_PAP160_3_0Vs0JIvLXJe.png?updatedAt=1631762947029"] Reason:Error getting remote image . Error: Invalid URL Provided.
04-29-2022 @ 07:56:26 - Row :23 - Product imported successfully.
04-29-2022 @ 07:56:26 - Row :24 - Parsing item.
04-29-2022 @ 07:56:26 - Importing as new product ID:808
04-29-2022 @ 07:56:26 - Row :24 - Processing item.
04-29-2022 @ 07:56:26 - Found simple product object. ID:808
04-29-2022 @ 07:56:26 - Setting Featured Image. URL:["https://ik.imagekit.io/eropa/products/Air_Purifyer_POLYTRON_PAP125_pCen23nt0.png?updatedAt=1631763726132","https://ik.imagekit.io/eropa/products/Air_Purifyer_POLYTRON_PAP125_2_O1kIOjxCK.png?updatedAt=1631763728639","https://ik.imagekit.io/eropa/products/Air_Purifyer_POLYTRON_PAP125_3__PF42LMRE7b.png?updatedAt=1631763727828"]
04-29-2022 @ 07:56:26 - URL:["https://ik.imagekit.io/eropa/products/Air_Purifyer_POLYTRON_PAP125_pCen23nt0.png?updatedAt=1631763726132","https://ik.imagekit.io/eropa/products/Air_Purifyer_POLYTRON_PAP125_2_O1kIOjxCK.png?updatedAt=1631763728639","https://ik.imagekit.io/eropa/products/Air_Purifyer_POLYTRON_PAP125_3__PF42LMRE7b.png?updatedAt=1631763727828"] Reason:Error getting remote image . Error: Invalid URL Provided.
04-29-2022 @ 07:56:26 - Row :24 - Product imported successfully.
04-29-2022 @ 07:56:26 - Row :25 - Parsing item.
04-29-2022 @ 07:56:26 - Importing as new product ID:809
04-29-2022 @ 07:56:26 - Row :25 - Processing item.
04-29-2022 @ 07:56:26 - Found simple product object. ID:809
04-29-2022 @ 07:56:26 - Setting Featured Image. URL:["https://ik.imagekit.io/eropa/products/Air_Cooler_SHARP_PJA77TY_9no-H0iGLhK.png?updatedAt=1631764717995","https://ik.imagekit.io/eropa/products/Air_Cooler_SHARP_PJA77TY_2_gNgSQAgNK.png?updatedAt=1631764716591","https://ik.imagekit.io/eropa/products/Air_Cooler_SHARP_PJA77TY_3_VLAcbUWt2.png?updatedAt=1631764717023"]
04-29-2022 @ 07:56:26 - URL:["https://ik.imagekit.io/eropa/products/Air_Cooler_SHARP_PJA77TY_9no-H0iGLhK.png?updatedAt=1631764717995","https://ik.imagekit.io/eropa/products/Air_Cooler_SHARP_PJA77TY_2_gNgSQAgNK.png?updatedAt=1631764716591","https://ik.imagekit.io/eropa/products/Air_Cooler_SHARP_PJA77TY_3_VLAcbUWt2.png?updatedAt=1631764717023"] Reason:Error getting remote image . Error: Invalid URL Provided.
04-29-2022 @ 07:56:26 - Row :25 - Product imported successfully.
04-29-2022 @ 07:56:26 - Row :26 - Parsing item.
04-29-2022 @ 07:56:27 - Importing as new product ID:810
04-29-2022 @ 07:56:27 - Row :26 - Processing item.
04-29-2022 @ 07:56:27 - Found simple product object. ID:810
04-29-2022 @ 07:56:27 - Setting Featured Image. URL:["https://ik.imagekit.io/eropa/products/Stand_Fan_COSMOS_16SNQ_mTDXJFtva.png?updatedAt=1631769780562","https://ik.imagekit.io/eropa/products/Stand_Fan_COSMOS_16SNQ_2_Ps1TjwPbT.png?updatedAt=1631769779863"]
04-29-2022 @ 07:56:27 - URL:["https://ik.imagekit.io/eropa/products/Stand_Fan_COSMOS_16SNQ_mTDXJFtva.png?updatedAt=1631769780562","https://ik.imagekit.io/eropa/products/Stand_Fan_COSMOS_16SNQ_2_Ps1TjwPbT.png?updatedAt=1631769779863"] Reason:Error getting remote image . Error: Invalid URL Provided.
04-29-2022 @ 07:56:27 - Row :26 - Product imported successfully.
04-29-2022 @ 07:56:27 - Row :27 - Parsing item.
04-29-2022 @ 07:56:27 - Importing as new product ID:811
04-29-2022 @ 07:56:27 - Row :27 - Processing item.
04-29-2022 @ 07:56:27 - Found simple product object. ID:811
04-29-2022 @ 07:56:27 - Setting Featured Image. URL:["https://ik.imagekit.io/eropa/products/Deskfan_GMC_703_AlEBH6cKV.png?updatedAt=1631774772176","https://ik.imagekit.io/eropa/products/gmc_703_1_uOUx4Zj2dDo.png?updatedAt=1631774771560"]
04-29-2022 @ 07:56:27 - URL:["https://ik.imagekit.io/eropa/products/Deskfan_GMC_703_AlEBH6cKV.png?updatedAt=1631774772176","https://ik.imagekit.io/eropa/products/gmc_703_1_uOUx4Zj2dDo.png?updatedAt=1631774771560"] Reason:Error getting remote image . Error: Invalid URL Provided.
04-29-2022 @ 07:56:27 - Row :27 - Product imported successfully.
04-29-2022 @ 07:56:27 - Row :28 - Parsing item.
04-29-2022 @ 07:56:27 - Importing as new product ID:812
04-29-2022 @ 07:56:27 - Row :28 - Processing item.
04-29-2022 @ 07:56:27 - Found simple product object. ID:812
04-29-2022 @ 07:56:27 - Setting Featured Image. URL:["https://ik.imagekit.io/eropa/products/Deskfan_miyako_kad927_Ht3-plbu0hx.png?updatedAt=1631777307929","https://ik.imagekit.io/eropa/products/Deskfan_miyako_kad927_2_MsYgYITGg.png?updatedAt=1631777306294","https://ik.imagekit.io/eropa/products/Deskfan_miyako_kad927_3_8Erhp07Pb.png?updatedAt=1631777306880"]
04-29-2022 @ 07:56:27 - URL:["https://ik.imagekit.io/eropa/products/Deskfan_miyako_kad927_Ht3-plbu0hx.png?updatedAt=1631777307929","https://ik.imagekit.io/eropa/products/Deskfan_miyako_kad927_2_MsYgYITGg.png?updatedAt=1631777306294","https://ik.imagekit.io/eropa/products/Deskfan_miyako_kad927_3_8Erhp07Pb.png?updatedAt=1631777306880"] Reason:Error getting remote image . Error: Invalid URL Provided.
04-29-2022 @ 07:56:28 - Row :28 - Product imported successfully.
04-29-2022 @ 07:56:28 - Row :29 - Parsing item.
04-29-2022 @ 07:56:28 - Importing as new product ID:813
04-29-2022 @ 07:56:28 - Row :29 - Processing item.
04-29-2022 @ 07:56:28 - Found simple product object. ID:813
04-29-2022 @ 07:56:28 - Setting Featured Image. URL:["https://ik.imagekit.io/eropa/products/Setrika_MIYAKO_EI1008M_RedDlRlDM.png?updatedAt=1631845804918","https://ik.imagekit.io/eropa/products/MIYAKO_EI-1008M_2_HKOPZL_0e.png?updatedAt=1631845803142","https://ik.imagekit.io/eropa/products/MIYAKO_EI-1008M_3__DVWoewxOKZ.png?updatedAt=1631845803744"]
04-29-2022 @ 07:56:28 - URL:["https://ik.imagekit.io/eropa/products/Setrika_MIYAKO_EI1008M_RedDlRlDM.png?updatedAt=1631845804918","https://ik.imagekit.io/eropa/products/MIYAKO_EI-1008M_2_HKOPZL_0e.png?updatedAt=1631845803142","https://ik.imagekit.io/eropa/products/MIYAKO_EI-1008M_3__DVWoewxOKZ.png?updatedAt=1631845803744"] Reason:Error getting remote image . Error: Invalid URL Provided.
04-29-2022 @ 07:56:28 - Row :29 - Product imported successfully.
04-29-2022 @ 07:56:28 - Row :30 - Parsing item.
04-29-2022 @ 07:56:28 - Importing as new product ID:814
04-29-2022 @ 07:56:28 - Row :30 - Processing item.
04-29-2022 @ 07:56:28 - Found simple product object. ID:814
04-29-2022 @ 07:56:28 - Setting Featured Image. URL:["https://ik.imagekit.io/eropa/products/Setrika_Maspion_EX1000_aPEUF7piAdm.png?updatedAt=1631846422142","https://ik.imagekit.io/eropa/products/MASPION_EX1000_2_dsEdhWNW9xV.png?updatedAt=1631846421288","https://ik.imagekit.io/eropa/products/MASPION_EX1000_1_I54Rjlhmc.png?updatedAt=1631846420769"]
04-29-2022 @ 07:56:28 - URL:["https://ik.imagekit.io/eropa/products/Setrika_Maspion_EX1000_aPEUF7piAdm.png?updatedAt=1631846422142","https://ik.imagekit.io/eropa/products/MASPION_EX1000_2_dsEdhWNW9xV.png?updatedAt=1631846421288","https://ik.imagekit.io/eropa/products/MASPION_EX1000_1_I54Rjlhmc.png?updatedAt=1631846420769"] Reason:Error getting remote image . Error: Invalid URL Provided.
04-29-2022 @ 07:56:29 - Row :30 - Product imported successfully.
04-29-2022 @ 07:56:30 - Preparing for import.
04-29-2022 @ 07:56:30 - Row :31 - Parsing item.
04-29-2022 @ 07:56:30 - Importing as new product ID:815
04-29-2022 @ 07:56:30 - Row :31 - Processing item.
04-29-2022 @ 07:56:30 - Found simple product object. ID:815
04-29-2022 @ 07:56:30 - Setting Featured Image. URL:["https://ik.imagekit.io/eropa/products/Setrika_PHILIPS_HD1172_UWX8ADwUE.png?updatedAt=1631853272443","https://ik.imagekit.io/eropa/products/Setrika_Philips_HD1172_2_nSH53HGjX.png?updatedAt=1631853271389","https://ik.imagekit.io/eropa/products/Setrika_Philips_HD1172_3_X5eiHAKdhd5.png?updatedAt=1631853271469"]
04-29-2022 @ 07:56:30 - URL:["https://ik.imagekit.io/eropa/products/Setrika_PHILIPS_HD1172_UWX8ADwUE.png?updatedAt=1631853272443","https://ik.imagekit.io/eropa/products/Setrika_Philips_HD1172_2_nSH53HGjX.png?updatedAt=1631853271389","https://ik.imagekit.io/eropa/products/Setrika_Philips_HD1172_3_X5eiHAKdhd5.png?updatedAt=1631853271469"] Reason:Error getting remote image . Error: Invalid URL Provided.
04-29-2022 @ 07:56:31 - Row :31 - Product imported successfully.
04-29-2022 @ 07:56:31 - Row :32 - Parsing item.
04-29-2022 @ 07:56:31 - Importing as new product ID:816
04-29-2022 @ 07:56:31 - Row :32 - Processing item.
04-29-2022 @ 07:56:31 - Found simple product object. ID:816
04-29-2022 @ 07:56:31 - Setting Featured Image. URL:["https://ik.imagekit.io/eropa/products/Setrika_cosmos_CIS_438_R4Kg7fcjd.png?updatedAt=1631854331028","https://ik.imagekit.io/eropa/products/Setrika_cosmos_CIS_438_R4Kg7fcjd.png?updatedAt=1631854331028","https://ik.imagekit.io/eropa/products/COSMOS_CIS_438_2_spo31lz3qUl.png?updatedAt=1631854334233"]
04-29-2022 @ 07:56:31 - URL:["https://ik.imagekit.io/eropa/products/Setrika_cosmos_CIS_438_R4Kg7fcjd.png?updatedAt=1631854331028","https://ik.imagekit.io/eropa/products/Setrika_cosmos_CIS_438_R4Kg7fcjd.png?updatedAt=1631854331028","https://ik.imagekit.io/eropa/products/COSMOS_CIS_438_2_spo31lz3qUl.png?updatedAt=1631854334233"] Reason:Error getting remote image . Error: Invalid URL Provided.
04-29-2022 @ 07:56:31 - Row :32 - Product imported successfully.
04-29-2022 @ 07:56:31 - Row :33 - Parsing item.
04-29-2022 @ 07:56:31 - Importing as new product ID:817
04-29-2022 @ 07:56:31 - Row :33 - Processing item.
04-29-2022 @ 07:56:31 - Found simple product object. ID:817
04-29-2022 @ 07:56:31 - Setting Featured Image. URL:["https://ik.imagekit.io/eropa/products/Setrika_Maspion_HA-110_x9-_TX8uG.png?updatedAt=1631854838016","https://ik.imagekit.io/eropa/products/Maspion_HA_110_2_yNu1PZZ7yHdf.png?updatedAt=1631854837805","https://ik.imagekit.io/eropa/products/Maspion_HA_110_1_r7grBNF1z.png?updatedAt=1631854831929"]
04-29-2022 @ 07:56:31 - URL:["https://ik.imagekit.io/eropa/products/Setrika_Maspion_HA-110_x9-_TX8uG.png?updatedAt=1631854838016","https://ik.imagekit.io/eropa/products/Maspion_HA_110_2_yNu1PZZ7yHdf.png?updatedAt=1631854837805","https://ik.imagekit.io/eropa/products/Maspion_HA_110_1_r7grBNF1z.png?updatedAt=1631854831929"] Reason:Error getting remote image . Error: Invalid URL Provided.
04-29-2022 @ 07:56:31 - Row :33 - Product imported successfully.
04-29-2022 @ 07:56:31 - Row :34 - Parsing item.
04-29-2022 @ 07:56:31 - Importing as new product ID:818
04-29-2022 @ 07:56:31 - Row :34 - Processing item.
04-29-2022 @ 07:56:31 - Found simple product object. ID:818
04-29-2022 @ 07:56:31 - Setting Featured Image. URL:["https://ik.imagekit.io/eropa/products/Setrika_TURBO_EHL3019_7M2xwrBae-3.png?updatedAt=1631864698372","https://ik.imagekit.io/eropa/products/Setrika_TURBO_EHL3019_7M2xwrBae-3.png?updatedAt=1631864698372","https://ik.imagekit.io/eropa/products/Setrika_TURBO_EHL3019_3_CLdm4yNjJ.png?updatedAt=1631864697676"]
04-29-2022 @ 07:56:31 - URL:["https://ik.imagekit.io/eropa/products/Setrika_TURBO_EHL3019_7M2xwrBae-3.png?updatedAt=1631864698372","https://ik.imagekit.io/eropa/products/Setrika_TURBO_EHL3019_7M2xwrBae-3.png?updatedAt=1631864698372","https://ik.imagekit.io/eropa/products/Setrika_TURBO_EHL3019_3_CLdm4yNjJ.png?updatedAt=1631864697676"] Reason:Error getting remote image . Error: Invalid URL Provided.
04-29-2022 @ 07:56:32 - Row :34 - Product imported successfully.
04-29-2022 @ 07:56:32 - Row :35 - Parsing item.
04-29-2022 @ 07:56:32 - Importing as new product ID:819
04-29-2022 @ 07:56:32 - Row :35 - Processing item.
04-29-2022 @ 07:56:32 - Found simple product object. ID:819
04-29-2022 @ 07:56:32 - Setting Featured Image. URL:["https://ik.imagekit.io/eropa/products/Mesin_Cuci_AQUA_AQW950R_f1-BRl3Xssk.png?updatedAt=1631930731476","https://ik.imagekit.io/eropa/products/AQW950R_3_6UQ_BVsue.png?updatedAt=1631930730055","https://ik.imagekit.io/eropa/products/AQW950R_2_k1sKp4uFU.png?updatedAt=1631930729653"]
04-29-2022 @ 07:56:32 - URL:["https://ik.imagekit.io/eropa/products/Mesin_Cuci_AQUA_AQW950R_f1-BRl3Xssk.png?updatedAt=1631930731476","https://ik.imagekit.io/eropa/products/AQW950R_3_6UQ_BVsue.png?updatedAt=1631930730055","https://ik.imagekit.io/eropa/products/AQW950R_2_k1sKp4uFU.png?updatedAt=1631930729653"] Reason:Error getting remote image . Error: Invalid URL Provided.
04-29-2022 @ 07:56:32 - Row :35 - Product imported successfully.
04-29-2022 @ 07:56:32 - Row :36 - Parsing item.
04-29-2022 @ 07:56:32 - Importing as new product ID:820
04-29-2022 @ 07:56:32 - Row :36 - Processing item.
04-29-2022 @ 07:56:32 - Found simple product object. ID:820
04-29-2022 @ 07:56:32 - Setting Featured Image. URL:["https://ik.imagekit.io/eropa/products/Mesin_Cuci_PANASONIC_NAW145FCV1_nr2SPDqG5.png?updatedAt=1631932576914","https://ik.imagekit.io/eropa/products/MESIN_CUCI_NAW145FCV1_2_YFLAjXOhuUr.png?updatedAt=1631932575832","https://ik.imagekit.io/eropa/products/MESIN_CUCI_NAW145FCV1_3_jJEEMgJWT.png?updatedAt=1631932576202"]
04-29-2022 @ 07:56:32 - URL:["https://ik.imagekit.io/eropa/products/Mesin_Cuci_PANASONIC_NAW145FCV1_nr2SPDqG5.png?updatedAt=1631932576914","https://ik.imagekit.io/eropa/products/MESIN_CUCI_NAW145FCV1_2_YFLAjXOhuUr.png?updatedAt=1631932575832","https://ik.imagekit.io/eropa/products/MESIN_CUCI_NAW145FCV1_3_jJEEMgJWT.png?updatedAt=1631932576202"] Reason:Error getting remote image . Error: Invalid URL Provided.
04-29-2022 @ 07:56:32 - Row :36 - Product imported successfully.
04-29-2022 @ 07:56:32 - Row :37 - Parsing item.
04-29-2022 @ 07:56:32 - Importing as new product ID:821
04-29-2022 @ 07:56:32 - Row :37 - Processing item.
04-29-2022 @ 07:56:32 - Found simple product object. ID:821
04-29-2022 @ 07:56:32 - Setting Featured Image. URL:["https://ik.imagekit.io/eropa/products/Mesin_Cuci_SHARP_EST65MW-GK_9KRv63vRD.png?updatedAt=1631938405632","https://ik.imagekit.io/eropa/products/Mesin_Cuci_Sharp_ES_T65MW_GK_2_fbiC7KG4z.png?updatedAt=1631938404167","https://ik.imagekit.io/eropa/products/Mesin_Cuci_Sharp_ES_T65MW_GK_3_Rg4zI2xep.png?updatedAt=1631938404970"]
04-29-2022 @ 07:56:32 - URL:["https://ik.imagekit.io/eropa/products/Mesin_Cuci_SHARP_EST65MW-GK_9KRv63vRD.png?updatedAt=1631938405632","https://ik.imagekit.io/eropa/products/Mesin_Cuci_Sharp_ES_T65MW_GK_2_fbiC7KG4z.png?updatedAt=1631938404167","https://ik.imagekit.io/eropa/products/Mesin_Cuci_Sharp_ES_T65MW_GK_3_Rg4zI2xep.png?updatedAt=1631938404970"] Reason:Error getting remote image . Error: Invalid URL Provided.
04-29-2022 @ 07:56:33 - Row :37 - Product imported successfully.
04-29-2022 @ 07:56:33 - Row :38 - Parsing item.
04-29-2022 @ 07:56:33 - Importing as new product ID:822
04-29-2022 @ 07:56:33 - Row :38 - Processing item.
04-29-2022 @ 07:56:33 - Found simple product object. ID:822
04-29-2022 @ 07:56:33 - Setting Featured Image. URL:["https://ik.imagekit.io/eropa/products/Mesin_Cuci_POLYTRON_PWM701_R_PhnFX50eC.png?updatedAt=1631940762045"]
04-29-2022 @ 07:56:33 - URL:["https://ik.imagekit.io/eropa/products/Mesin_Cuci_POLYTRON_PWM701_R_PhnFX50eC.png?updatedAt=1631940762045"] Reason:Error getting remote image . Error: Invalid URL Provided.
04-29-2022 @ 07:56:33 - Row :38 - Product imported successfully.
04-29-2022 @ 07:56:33 - Row :39 - Parsing item.
04-29-2022 @ 07:56:33 - Importing as new product ID:823
04-29-2022 @ 07:56:33 - Row :39 - Processing item.
04-29-2022 @ 07:56:33 - Found simple product object. ID:823
04-29-2022 @ 07:56:33 - Setting Featured Image. URL:["https://ik.imagekit.io/eropa/products/Mesin_Cuci_POLYTRON_PWM701B_EiP0VO1AdDj.png?updatedAt=1631940762554"]
04-29-2022 @ 07:56:33 - URL:["https://ik.imagekit.io/eropa/products/Mesin_Cuci_POLYTRON_PWM701B_EiP0VO1AdDj.png?updatedAt=1631940762554"] Reason:Error getting remote image . Error: Invalid URL Provided.
04-29-2022 @ 07:56:33 - Row :39 - Product imported successfully.
04-29-2022 @ 07:56:33 - Row :40 - Parsing item.
04-29-2022 @ 07:56:33 - Importing as new product ID:824
04-29-2022 @ 07:56:33 - Row :40 - Processing item.
04-29-2022 @ 07:56:34 - Found simple product object. ID:824
04-29-2022 @ 07:56:34 - Setting Featured Image. URL:["https://ik.imagekit.io/eropa/products/Mesin_Cuci_AQUA_AQW105825QD_WwwKwllhM.png?updatedAt=1631941735341","https://ik.imagekit.io/eropa/products/AQW105825QD_2_M_t9Mqpi5.png?updatedAt=1631941732291","https://ik.imagekit.io/eropa/products/AQW105825QD_3_kIaYmqqLQs7.png?updatedAt=1631941734548","https://ik.imagekit.io/eropa/products/AQW105825QD_4_4cKVii8l4.png?updatedAt=1631941734245"]
04-29-2022 @ 07:56:34 - URL:["https://ik.imagekit.io/eropa/products/Mesin_Cuci_AQUA_AQW105825QD_WwwKwllhM.png?updatedAt=1631941735341","https://ik.imagekit.io/eropa/products/AQW105825QD_2_M_t9Mqpi5.png?updatedAt=1631941732291","https://ik.imagekit.io/eropa/products/AQW105825QD_3_kIaYmqqLQs7.png?updatedAt=1631941734548","https://ik.imagekit.io/eropa/products/AQW105825QD_4_4cKVii8l4.png?updatedAt=1631941734245"] Reason:Error getting remote image . Error: Invalid URL Provided.
04-29-2022 @ 07:56:34 - Row :40 - Product imported successfully.
