04-29-2022 @ 09:05:35 - ---[ New import started at 2022-04-29 09:05:35 ] PHP Memory: 512 MB, WP Memory: 40 MB
04-29-2022 @ 09:05:35 - Preparing for import.
04-29-2022 @ 09:05:35 - Row :1 - Parsing item.
04-29-2022 @ 09:05:35 - Importing as new product ID:825
04-29-2022 @ 09:05:35 - Row :1 - Processing item.
04-29-2022 @ 09:05:35 - Found simple product object. ID:825
04-29-2022 @ 09:05:35 - Setting Featured Image. URL:https://ik.imagekit.io/eropa/products/LED_LG_32LM635_V5bCdBPnR.png?updatedAt=1631598512001 https://ik.imagekit.io/eropa/products/32lm635_2_NX8wSJrQU.png?updatedAt=1631614231543 https://ik.imagekit.io/eropa/products/32lm635_3_DVl7vvCrG.png?updatedAt=1631614231142
04-29-2022 @ 09:05:37 - Attachment ID:826
04-29-2022 @ 09:05:37 - Row :1 - Product imported successfully.
04-29-2022 @ 09:05:37 - Row :2 - Parsing item.
04-29-2022 @ 09:05:37 - Importing as new product ID:827
04-29-2022 @ 09:05:37 - Row :2 - Processing item.
04-29-2022 @ 09:05:37 - Found simple product object. ID:827
04-29-2022 @ 09:05:37 - Setting Featured Image. URL:https://ik.imagekit.io/eropa/products/LED_SAMSUNG_32N4001AK_YqqQdSeMS.png?updatedAt=1631599230502 https://ik.imagekit.io/eropa/products/32n4001_2._M6binF2T4.png?updatedAt=1631613828081 https://ik.imagekit.io/eropa/products/32n4001_3_VEV4xMeam.png?updatedAt=1631613827581
04-29-2022 @ 09:05:38 - Attachment ID:828
04-29-2022 @ 09:05:38 - Row :2 - Product imported successfully.
04-29-2022 @ 09:05:38 - Row :3 - Parsing item.
04-29-2022 @ 09:05:39 - Importing as new product ID:829
04-29-2022 @ 09:05:39 - Row :3 - Processing item.
04-29-2022 @ 09:05:39 - Found simple product object. ID:829
04-29-2022 @ 09:05:39 - Setting Featured Image. URL:https://ik.imagekit.io/eropa/products/LED_POLYTRON_PLD43AG9953_Pk1TAIpbC.png?updatedAt=1631600026186 https://ik.imagekit.io/eropa/products/ag9953_3_qz3wtRrugvg.jpg?updatedAt=1631605618905 https://ik.imagekit.io/eropa/products/ag99532_qJneiNZNm.jpg?updatedAt=1631605620268
04-29-2022 @ 09:05:40 - Attachment ID:830
04-29-2022 @ 09:05:41 - Row :3 - Product imported successfully.
04-29-2022 @ 09:05:41 - Row :4 - Parsing item.
04-29-2022 @ 09:05:41 - Importing as new product ID:831
04-29-2022 @ 09:05:41 - Row :4 - Processing item.
04-29-2022 @ 09:05:41 - Found simple product object. ID:831
04-29-2022 @ 09:05:41 - Setting Featured Image. URL:https://ik.imagekit.io/eropa/products/LED_SHARP_2T-C32BG1I_onlU6bA6Z.png?updatedAt=1631600600722 https://ik.imagekit.io/eropa/products/2TC32BG1X_2_KFkqYoH0f.jpg?updatedAt=1631605110406 https://ik.imagekit.io/eropa/products/2TC32BG1X_3_-csA24814z0.jpg?updatedAt=1631605109564 https://ik.imagekit.io/eropa/products/2TC32BG1X_4_5PLkxhZ6i.jpg?updatedAt=1631605108928
04-29-2022 @ 09:05:42 - Attachment ID:832
04-29-2022 @ 09:05:42 - Row :4 - Product imported successfully.
04-29-2022 @ 09:05:42 - Row :5 - Parsing item.
04-29-2022 @ 09:05:42 - Importing as new product ID:833
04-29-2022 @ 09:05:42 - Row :5 - Processing item.
04-29-2022 @ 09:05:42 - Found simple product object. ID:833
04-29-2022 @ 09:05:42 - Setting Featured Image. URL:https://ik.imagekit.io/eropa/products/LED_POLYTRON_PLD24D8511__iQFBRldwM.png?updatedAt=1631616342001 https://ik.imagekit.io/eropa/products/24d8511_VEf9Cl8pJ.jpg?updatedAt=1631616341462
04-29-2022 @ 09:05:44 - Attachment ID:834
04-29-2022 @ 09:05:44 - Row :5 - Product imported successfully.
04-29-2022 @ 09:05:44 - Row :6 - Parsing item.
04-29-2022 @ 09:05:44 - Importing as new product ID:835
04-29-2022 @ 09:05:44 - Row :6 - Processing item.
04-29-2022 @ 09:05:44 - Found simple product object. ID:835
04-29-2022 @ 09:05:44 - Setting Featured Image. URL:https://ik.imagekit.io/eropa/products/LED_SHARP_LC32SA4500__AFRbILqO.png?updatedAt=1631617965686 https://ik.imagekit.io/eropa/products/LC32SA4500Ismart_4_CHlyarDXJ.png?updatedAt=1631617869511 https://ik.imagekit.io/eropa/products/LC32SA4500Ismart_3_6EAFX8CBV.png?updatedAt=1631617868700 https://ik.imagekit.io/eropa/products/LC32SA4500Ismart_2_NQt2sYn17.png?updatedAt=1631617867967
04-29-2022 @ 09:05:46 - Attachment ID:836
04-29-2022 @ 09:05:46 - Row :6 - Product imported successfully.
04-29-2022 @ 09:05:46 - Row :7 - Parsing item.
04-29-2022 @ 09:05:46 - Importing as new product ID:837
04-29-2022 @ 09:05:46 - Row :7 - Processing item.
04-29-2022 @ 09:05:46 - Found simple product object. ID:837
04-29-2022 @ 09:05:46 - Setting Featured Image. URL:https://ik.imagekit.io/eropa/products/Kulkas_AQUA_AQRD190LB_l-Fwh0I8c.png?updatedAt=1631623316133 https://ik.imagekit.io/eropa/products/190lb_2_wkqGplp30.png?updatedAt=1631623350664
04-29-2022 @ 09:05:48 - Attachment ID:838
04-29-2022 @ 09:05:48 - Row :7 - Product imported successfully.
04-29-2022 @ 09:05:48 - Row :8 - Parsing item.
04-29-2022 @ 09:05:48 - Importing as new product ID:839
04-29-2022 @ 09:05:48 - Row :8 - Processing item.
04-29-2022 @ 09:05:48 - Found simple product object. ID:839
04-29-2022 @ 09:05:48 - Setting Featured Image. URL:https://ik.imagekit.io/eropa/products/Kulkas_LG_GNB195SQ-MT_cNyEIIXpm.png?updatedAt=1631626643020 https://ik.imagekit.io/eropa/products/Kulkas_LG_GNB195SQ-MT_hXwPnXYFo.png?updatedAt=1631626643194
04-29-2022 @ 09:05:49 - Attachment ID:840
04-29-2022 @ 09:05:49 - Row :8 - Product imported successfully.
04-29-2022 @ 09:05:49 - Row :9 - Parsing item.
04-29-2022 @ 09:05:49 - Importing as new product ID:841
04-29-2022 @ 09:05:49 - Row :9 - Processing item.
04-29-2022 @ 09:05:49 - Found simple product object. ID:841
04-29-2022 @ 09:05:49 - Setting Featured Image. URL:https://ik.imagekit.io/eropa/products/Kulkas_POLYTRON_PRB289B_hwbES19uS8e.png?updatedAt=1631627883681 https://ik.imagekit.io/eropa/products/289b_2_BTiohDCs8.png?updatedAt=1631627884253
04-29-2022 @ 09:05:51 - Attachment ID:842
04-29-2022 @ 09:05:51 - Row :9 - Product imported successfully.
04-29-2022 @ 09:05:51 - Row :10 - Parsing item.
04-29-2022 @ 09:05:51 - Importing as new product ID:843
04-29-2022 @ 09:05:51 - Row :10 - Processing item.
04-29-2022 @ 09:05:51 - Found simple product object. ID:843
04-29-2022 @ 09:05:51 - Setting Featured Image. URL:https://ik.imagekit.io/eropa/products/Kulkas_SHARP_SJN162DSH_BntIpo9A7.png?updatedAt=1631628939302 https://ik.imagekit.io/eropa/products/162dsp-removebg-preview_T04iibcte.png?updatedAt=1631628938836
04-29-2022 @ 09:05:53 - Attachment ID:844
04-29-2022 @ 09:05:53 - Row :10 - Product imported successfully.
04-29-2022 @ 09:05:54 - Preparing for import.
04-29-2022 @ 09:05:54 - Row :11 - Parsing item.
04-29-2022 @ 09:05:54 - Importing as new product ID:845
04-29-2022 @ 09:05:54 - Row :11 - Processing item.
04-29-2022 @ 09:05:54 - Found simple product object. ID:845
04-29-2022 @ 09:05:54 - Setting Featured Image. URL:https://ik.imagekit.io/eropa/products/Kulkas_POLYTRON_PRS460B_SBS__e6DfMnBuH.png?updatedAt=1631630720294 https://ik.imagekit.io/eropa/products/Kulkas_POLYTRON_PRS460B_SBS__2_gTllCH9y8.png?updatedAt=1631630721674 https://ik.imagekit.io/eropa/products/Kulkas_POLYTRON_PRS460B_SBS__3_V0KeY-khY.png?updatedAt=1631630720841
04-29-2022 @ 09:05:55 - Attachment ID:846
04-29-2022 @ 09:05:55 - Row :11 - Product imported successfully.
04-29-2022 @ 09:05:55 - Row :12 - Parsing item.
04-29-2022 @ 09:05:55 - Importing as new product ID:847
04-29-2022 @ 09:05:55 - Row :12 - Processing item.
04-29-2022 @ 09:05:55 - Found simple product object. ID:847
04-29-2022 @ 09:05:55 - Setting Featured Image. URL:https://ik.imagekit.io/eropa/products/Nr_bb231q_s_pk_lBAJs89kT.png?updatedAt=1631631677066 https://ik.imagekit.io/eropa/products/panasonic_bb231q-removebg-preview_1__EmheFGX-c.png?updatedAt=1631631777134
04-29-2022 @ 09:05:56 - Attachment ID:848
04-29-2022 @ 09:05:57 - Row :12 - Product imported successfully.
04-29-2022 @ 09:05:57 - Row :13 - Parsing item.
04-29-2022 @ 09:05:57 - Importing as new product ID:849
04-29-2022 @ 09:05:57 - Row :13 - Processing item.
04-29-2022 @ 09:05:57 - Found simple product object. ID:849
04-29-2022 @ 09:05:57 - Setting Featured Image. URL:https://ik.imagekit.io/eropa/products/Kompor_RINNAI_RI301S_TtefIY6Vu.png?updatedAt=1631635614701 https://ik.imagekit.io/eropa/products/Kompor_RINNAI_RI301S_2_GVyF76kqV.png?updatedAt=1631635678799
04-29-2022 @ 09:05:58 - Attachment ID:850
04-29-2022 @ 09:05:58 - Row :13 - Product imported successfully.
04-29-2022 @ 09:05:58 - Row :14 - Parsing item.
04-29-2022 @ 09:05:58 - Importing as new product ID:851
04-29-2022 @ 09:05:58 - Row :14 - Processing item.
04-29-2022 @ 09:05:58 - Found simple product object. ID:851
04-29-2022 @ 09:05:58 - Setting Featured Image. URL:https://ik.imagekit.io/eropa/products/Kompor_RINNAI_RI522S_oEMCOIBhg.png?updatedAt=1631636325760 https://ik.imagekit.io/eropa/products/Kompor_RINNAI_RI522S_2_nDuTUOChn.png?updatedAt=1631636407237
04-29-2022 @ 09:05:59 - Attachment ID:852
04-29-2022 @ 09:05:59 - Row :14 - Product imported successfully.
04-29-2022 @ 09:05:59 - Row :15 - Parsing item.
04-29-2022 @ 09:05:59 - Importing as new product ID:853
04-29-2022 @ 09:05:59 - Row :15 - Processing item.
04-29-2022 @ 09:05:59 - Found simple product object. ID:853
04-29-2022 @ 09:05:59 - Setting Featured Image. URL:https://ik.imagekit.io/eropa/products/Kompor_Gas_MIYAKO_KG201C_dk8r3PbJs.png?updatedAt=1631636500964 https://ik.imagekit.io/eropa/products/Kompor_Gas_MIYAKO_KG201C_4_SViMakAgv.png?updatedAt=1631636501452 https://ik.imagekit.io/eropa/products/Kompor_Gas_MIYAKO_KG201C_3_1MilEXnEm.png?updatedAt=1631636502446
04-29-2022 @ 09:06:01 - Attachment ID:854
04-29-2022 @ 09:06:01 - Row :15 - Product imported successfully.
04-29-2022 @ 09:06:01 - Row :16 - Parsing item.
04-29-2022 @ 09:06:02 - Importing as new product ID:855
04-29-2022 @ 09:06:02 - Row :16 - Processing item.
04-29-2022 @ 09:06:02 - Found simple product object. ID:855
04-29-2022 @ 09:06:02 - Setting Featured Image. URL:https://ik.imagekit.io/eropa/products/Kompor_RINNAI_RI511A_sbHECnI_S.png?updatedAt=1631637043221 https://ik.imagekit.io/eropa/products/Kompor_RINNAI_RI511A_2_SVARIa5LP.png?updatedAt=1631637347893
04-29-2022 @ 09:06:03 - Attachment ID:856
04-29-2022 @ 09:06:03 - Row :16 - Product imported successfully.
04-29-2022 @ 09:06:03 - Row :17 - Parsing item.
04-29-2022 @ 09:06:03 - Importing as new product ID:857
04-29-2022 @ 09:06:03 - Row :17 - Processing item.
04-29-2022 @ 09:06:03 - Found simple product object. ID:857
04-29-2022 @ 09:06:03 - Setting Featured Image. URL:https://ik.imagekit.io/eropa/products/Kompor_RINNAI_RI522E_pDMTmbMrO.png?updatedAt=1631637519275
04-29-2022 @ 09:06:04 - Attachment ID:858
04-29-2022 @ 09:06:05 - Row :17 - Product imported successfully.
04-29-2022 @ 09:06:05 - Row :18 - Parsing item.
04-29-2022 @ 09:06:05 - Importing as new product ID:859
04-29-2022 @ 09:06:05 - Row :18 - Processing item.
04-29-2022 @ 09:06:05 - Found simple product object. ID:859
04-29-2022 @ 09:06:05 - Setting Featured Image. URL:https://ik.imagekit.io/eropa/products/Kompor_RINNAI_RI712BGX_PEcjI_-gJ.png?updatedAt=1631638122091 https://ik.imagekit.io/eropa/products/Kompor_RINNAI_RI712BGX_2_YNsT9rKnX.png?updatedAt=1631638196961
04-29-2022 @ 09:06:06 - Attachment ID:860
04-29-2022 @ 09:06:06 - Row :18 - Product imported successfully.
04-29-2022 @ 09:06:06 - Row :19 - Parsing item.
04-29-2022 @ 09:06:06 - Importing as new product ID:861
04-29-2022 @ 09:06:06 - Row :19 - Processing item.
04-29-2022 @ 09:06:06 - Found simple product object. ID:861
04-29-2022 @ 09:06:06 - Setting Featured Image. URL:https://ik.imagekit.io/eropa/products/Water_Heater_MODENA_ES10CS_NVAviO91B.png?updatedAt=1631639582856 https://ik.imagekit.io/eropa/products/modena_10cs_DgG4FDTip.png?updatedAt=1631639583253
04-29-2022 @ 09:06:07 - Attachment ID:862
04-29-2022 @ 09:06:07 - Row :19 - Product imported successfully.
04-29-2022 @ 09:06:07 - Row :20 - Parsing item.
04-29-2022 @ 09:06:07 - Importing as new product ID:863
04-29-2022 @ 09:06:07 - Row :20 - Processing item.
04-29-2022 @ 09:06:07 - Found simple product object. ID:863
04-29-2022 @ 09:06:07 - Setting Featured Image. URL:https://ik.imagekit.io/eropa/products/Water_Heater_MODENA_ES15CS_4smNWI9Tf.png?updatedAt=1631640009676 https://ik.imagekit.io/eropa/products/modena_15_cs_yqTh3Vo0_.png?updatedAt=1631640010180
04-29-2022 @ 09:06:09 - Attachment ID:864
04-29-2022 @ 09:06:09 - Row :20 - Product imported successfully.
04-29-2022 @ 09:06:10 - Preparing for import.
04-29-2022 @ 09:06:10 - Row :21 - Parsing item.
04-29-2022 @ 09:06:10 - Importing as new product ID:865
04-29-2022 @ 09:06:10 - Row :21 - Processing item.
04-29-2022 @ 09:06:10 - Found simple product object. ID:865
04-29-2022 @ 09:06:10 - Setting Featured Image. URL:https://ik.imagekit.io/eropa/products/SHARP_VACUUM_CLEANER_EC-CW60_cJjT0yTvB.png?updatedAt=1631674106710 https://ik.imagekit.io/eropa/products/Vacuum_SHARP_EC_CW60_2_JWdvB5OkPCv.png?updatedAt=1631674105857 https://ik.imagekit.io/eropa/products/Vacuum_SHARP_EC_CW60_3_yd_Dokgpf.png?updatedAt=1631674105678
04-29-2022 @ 09:06:11 - Attachment ID:866
04-29-2022 @ 09:06:11 - Row :21 - Product imported successfully.
04-29-2022 @ 09:06:11 - Row :22 - Parsing item.
04-29-2022 @ 09:06:11 - Importing as new product ID:867
04-29-2022 @ 09:06:11 - Row :22 - Processing item.
04-29-2022 @ 09:06:11 - Found simple product object. ID:867
04-29-2022 @ 09:06:11 - Setting Featured Image. URL:https://ik.imagekit.io/eropa/products/Vacuum_MODENA_VC2125_VcFR0N0Me.png?updatedAt=1631675727386 https://ik.imagekit.io/eropa/products/Vacuum_MODENA_VC2125_3_4rw2RaL9wsr.png?updatedAt=1631675726628 https://ik.imagekit.io/eropa/products/Vacuum_MODENA_VC2125_2_eiO_vUxHa.png?updatedAt=1631675726228
04-29-2022 @ 09:06:12 - Attachment ID:868
04-29-2022 @ 09:06:12 - Row :22 - Product imported successfully.
04-29-2022 @ 09:06:12 - Row :23 - Parsing item.
04-29-2022 @ 09:06:12 - Importing as new product ID:869
04-29-2022 @ 09:06:12 - Row :23 - Processing item.
04-29-2022 @ 09:06:12 - Found simple product object. ID:869
04-29-2022 @ 09:06:12 - Setting Featured Image. URL:https://ik.imagekit.io/eropa/products/Air_Purifyer_POLYTRON_PAP160_MguYX78-7.png?updatedAt=1631762946585 https://ik.imagekit.io/eropa/products/Air_Purifyer_POLYTRON_PAP160_3_0Vs0JIvLXJe.png?updatedAt=1631762947029
04-29-2022 @ 09:06:13 - Attachment ID:870
04-29-2022 @ 09:06:14 - Row :23 - Product imported successfully.
04-29-2022 @ 09:06:14 - Row :24 - Parsing item.
04-29-2022 @ 09:06:14 - Importing as new product ID:871
04-29-2022 @ 09:06:14 - Row :24 - Processing item.
04-29-2022 @ 09:06:14 - Found simple product object. ID:871
04-29-2022 @ 09:06:14 - Setting Featured Image. URL:https://ik.imagekit.io/eropa/products/Air_Purifyer_POLYTRON_PAP125_pCen23nt0.png?updatedAt=1631763726132 https://ik.imagekit.io/eropa/products/Air_Purifyer_POLYTRON_PAP125_2_O1kIOjxCK.png?updatedAt=1631763728639 https://ik.imagekit.io/eropa/products/Air_Purifyer_POLYTRON_PAP125_3__PF42LMRE7b.png?updatedAt=1631763727828
04-29-2022 @ 09:06:15 - Attachment ID:872
04-29-2022 @ 09:06:15 - Row :24 - Product imported successfully.
04-29-2022 @ 09:06:15 - Row :25 - Parsing item.
04-29-2022 @ 09:06:15 - Importing as new product ID:873
04-29-2022 @ 09:06:15 - Row :25 - Processing item.
04-29-2022 @ 09:06:15 - Found simple product object. ID:873
04-29-2022 @ 09:06:15 - Setting Featured Image. URL:https://ik.imagekit.io/eropa/products/Air_Cooler_SHARP_PJA77TY_9no-H0iGLhK.png?updatedAt=1631764717995 https://ik.imagekit.io/eropa/products/Air_Cooler_SHARP_PJA77TY_2_gNgSQAgNK.png?updatedAt=1631764716591 https://ik.imagekit.io/eropa/products/Air_Cooler_SHARP_PJA77TY_3_VLAcbUWt2.png?updatedAt=1631764717023
04-29-2022 @ 09:06:17 - Attachment ID:874
04-29-2022 @ 09:06:17 - Row :25 - Product imported successfully.
04-29-2022 @ 09:06:17 - Row :26 - Parsing item.
04-29-2022 @ 09:06:17 - Importing as new product ID:875
04-29-2022 @ 09:06:17 - Row :26 - Processing item.
04-29-2022 @ 09:06:17 - Found simple product object. ID:875
04-29-2022 @ 09:06:17 - Setting Featured Image. URL:https://ik.imagekit.io/eropa/products/Stand_Fan_COSMOS_16SNQ_mTDXJFtva.png?updatedAt=1631769780562 https://ik.imagekit.io/eropa/products/Stand_Fan_COSMOS_16SNQ_2_Ps1TjwPbT.png?updatedAt=1631769779863
04-29-2022 @ 09:06:18 - Attachment ID:876
04-29-2022 @ 09:06:18 - Row :26 - Product imported successfully.
04-29-2022 @ 09:06:18 - Row :27 - Parsing item.
04-29-2022 @ 09:06:18 - Importing as new product ID:877
04-29-2022 @ 09:06:18 - Row :27 - Processing item.
04-29-2022 @ 09:06:18 - Found simple product object. ID:877
04-29-2022 @ 09:06:18 - Setting Featured Image. URL:https://ik.imagekit.io/eropa/products/Deskfan_GMC_703_AlEBH6cKV.png?updatedAt=1631774772176 https://ik.imagekit.io/eropa/products/gmc_703_1_uOUx4Zj2dDo.png?updatedAt=1631774771560
04-29-2022 @ 09:06:20 - Attachment ID:878
04-29-2022 @ 09:06:20 - Row :27 - Product imported successfully.
04-29-2022 @ 09:06:20 - Row :28 - Parsing item.
04-29-2022 @ 09:06:20 - Importing as new product ID:879
04-29-2022 @ 09:06:20 - Row :28 - Processing item.
04-29-2022 @ 09:06:20 - Found simple product object. ID:879
04-29-2022 @ 09:06:20 - Setting Featured Image. URL:https://ik.imagekit.io/eropa/products/Deskfan_miyako_kad927_Ht3-plbu0hx.png?updatedAt=1631777307929 https://ik.imagekit.io/eropa/products/Deskfan_miyako_kad927_2_MsYgYITGg.png?updatedAt=1631777306294 https://ik.imagekit.io/eropa/products/Deskfan_miyako_kad927_3_8Erhp07Pb.png?updatedAt=1631777306880
04-29-2022 @ 09:06:22 - Attachment ID:880
04-29-2022 @ 09:06:22 - Row :28 - Product imported successfully.
04-29-2022 @ 09:06:22 - Row :29 - Parsing item.
04-29-2022 @ 09:06:22 - Importing as new product ID:881
04-29-2022 @ 09:06:22 - Row :29 - Processing item.
04-29-2022 @ 09:06:22 - Found simple product object. ID:881
04-29-2022 @ 09:06:22 - Setting Featured Image. URL:https://ik.imagekit.io/eropa/products/Setrika_MIYAKO_EI1008M_RedDlRlDM.png?updatedAt=1631845804918 https://ik.imagekit.io/eropa/products/MIYAKO_EI-1008M_2_HKOPZL_0e.png?updatedAt=1631845803142 https://ik.imagekit.io/eropa/products/MIYAKO_EI-1008M_3__DVWoewxOKZ.png?updatedAt=1631845803744
04-29-2022 @ 09:06:23 - Attachment ID:882
04-29-2022 @ 09:06:24 - Row :29 - Product imported successfully.
04-29-2022 @ 09:06:24 - Row :30 - Parsing item.
04-29-2022 @ 09:06:24 - Importing as new product ID:883
04-29-2022 @ 09:06:24 - Row :30 - Processing item.
04-29-2022 @ 09:06:24 - Found simple product object. ID:883
04-29-2022 @ 09:06:24 - Setting Featured Image. URL:https://ik.imagekit.io/eropa/products/Setrika_Maspion_EX1000_aPEUF7piAdm.png?updatedAt=1631846422142 https://ik.imagekit.io/eropa/products/MASPION_EX1000_2_dsEdhWNW9xV.png?updatedAt=1631846421288 https://ik.imagekit.io/eropa/products/MASPION_EX1000_1_I54Rjlhmc.png?updatedAt=1631846420769
04-29-2022 @ 09:06:25 - Attachment ID:884
04-29-2022 @ 09:06:25 - Row :30 - Product imported successfully.
